<?xml version="1.0" encoding="UTF-8"?>
<coverage generated="1568592690541" clover="3.2.0">
  <project timestamp="1568592690541" name="All files">
    <metrics statements="319" coveredstatements="299" conditionals="112" coveredconditionals="83" methods="42" coveredmethods="37" elements="473" coveredelements="419" complexity="0" loc="319" ncloc="319" packages="1" files="2" classes="2"/>
    <file name="igushArray.js" path="/Users/stone.tao/Desktop/Coding/Projects/IgushArray/IgushArray JS/igushArray.js">
      <metrics statements="229" coveredstatements="220" conditionals="77" coveredconditionals="58" methods="27" coveredmethods="24"/>
      <line num="31" count="1" type="stmt"/>
      <line num="33" count="1" type="stmt"/>
      <line num="36" count="30" type="stmt"/>
      <line num="37" count="30" type="stmt"/>
      <line num="38" count="30" type="stmt"/>
      <line num="39" count="30" type="stmt"/>
      <line num="41" count="30" type="stmt"/>
      <line num="42" count="30" type="stmt"/>
      <line num="44" count="30" type="stmt"/>
      <line num="45" count="458" type="stmt"/>
      <line num="47" count="30" type="cond" truecount="2" falsecount="0"/>
      <line num="48" count="18" type="stmt"/>
      <line num="50" count="12" type="stmt"/>
      <line num="54" count="1" type="stmt"/>
      <line num="55" count="8" type="cond" truecount="1" falsecount="1"/>
      <line num="56" count="0" type="stmt"/>
      <line num="58" count="8" type="stmt"/>
      <line num="59" count="8" type="stmt"/>
      <line num="64" count="8" type="stmt"/>
      <line num="65" count="8" type="stmt"/>
      <line num="66" count="8" type="stmt"/>
      <line num="68" count="8" type="cond" truecount="2" falsecount="0"/>
      <line num="70" count="6" type="stmt"/>
      <line num="74" count="6" type="stmt"/>
      <line num="75" count="89" type="stmt"/>
      <line num="79" count="6" type="stmt"/>
      <line num="80" count="6" type="stmt"/>
      <line num="81" count="6" type="stmt"/>
      <line num="82" count="62" type="stmt"/>
      <line num="86" count="62" type="stmt"/>
      <line num="88" count="1505" type="cond" truecount="2" falsecount="0"/>
      <line num="89" count="124" type="stmt"/>
      <line num="90" count="124" type="cond" truecount="2" falsecount="0"/>
      <line num="91" count="5" type="stmt"/>
      <line num="95" count="1381" type="stmt"/>
      <line num="96" count="1381" type="stmt"/>
      <line num="99" count="62" type="stmt"/>
      <line num="104" count="8" type="cond" truecount="1" falsecount="1"/>
      <line num="106" count="8" type="cond" truecount="1" falsecount="1"/>
      <line num="108" count="8" type="stmt"/>
      <line num="111" count="8" type="stmt"/>
      <line num="118" count="8" type="stmt"/>
      <line num="119" count="8" type="stmt"/>
      <line num="120" count="22" type="stmt"/>
      <line num="123" count="8" type="stmt"/>
      <line num="125" count="8" type="cond" truecount="2" falsecount="0"/>
      <line num="126" count="6" type="stmt"/>
      <line num="129" count="2" type="stmt"/>
      <line num="133" count="8" type="stmt"/>
      <line num="138" count="1" type="stmt"/>
      <line num="139" count="5605" type="stmt"/>
      <line num="140" count="5605" type="stmt"/>
      <line num="141" count="5605" type="stmt"/>
      <line num="142" count="5605" type="stmt"/>
      <line num="146" count="1" type="stmt"/>
      <line num="147" count="5" type="stmt"/>
      <line num="148" count="5" type="stmt"/>
      <line num="149" count="5" type="stmt"/>
      <line num="150" count="5" type="stmt"/>
      <line num="151" count="5" type="cond" truecount="1" falsecount="1"/>
      <line num="155" count="5" type="stmt"/>
      <line num="156" count="5" type="stmt"/>
      <line num="157" count="5" type="stmt"/>
      <line num="160" count="5" type="stmt"/>
      <line num="166" count="1" type="stmt"/>
      <line num="167" count="1115" type="stmt"/>
      <line num="168" count="1115" type="stmt"/>
      <line num="169" count="1115" type="stmt"/>
      <line num="170" count="1115" type="stmt"/>
      <line num="171" count="1115" type="stmt"/>
      <line num="172" count="1115" type="stmt"/>
      <line num="173" count="1115" type="stmt"/>
      <line num="174" count="1115" type="stmt"/>
      <line num="178" count="1" type="stmt"/>
      <line num="179" count="3830" type="stmt"/>
      <line num="180" count="3830" type="stmt"/>
      <line num="181" count="3830" type="stmt"/>
      <line num="184" count="1" type="stmt"/>
      <line num="185" count="6720" type="cond" truecount="3" falsecount="1"/>
      <line num="186" count="0" type="stmt"/>
      <line num="189" count="1" type="stmt"/>
      <line num="190" count="6" type="cond" truecount="4" falsecount="0"/>
      <line num="191" count="1" type="stmt"/>
      <line num="196" count="1" type="stmt"/>
      <line num="197" count="10" type="cond" truecount="1" falsecount="1"/>
      <line num="198" count="10" type="stmt"/>
      <line num="199" count="10" type="stmt"/>
      <line num="201" count="10" type="stmt"/>
      <line num="202" count="10" type="stmt"/>
      <line num="205" count="1" type="stmt"/>
      <line num="206" count="15" type="stmt"/>
      <line num="207" count="157" type="stmt"/>
      <line num="211" count="157" type="cond" truecount="2" falsecount="0"/>
      <line num="212" count="142" type="stmt"/>
      <line num="214" count="15" type="stmt"/>
      <line num="215" count="15" type="stmt"/>
      <line num="217" count="142" type="stmt"/>
      <line num="221" count="1" type="stmt"/>
      <line num="223" count="1115" type="stmt"/>
      <line num="224" count="1115" type="cond" truecount="2" falsecount="0"/>
      <line num="225" count="436" type="stmt"/>
      <line num="227" count="679" type="stmt"/>
      <line num="228" count="679" type="stmt"/>
      <line num="229" count="679" type="stmt"/>
      <line num="231" count="679" type="stmt"/>
      <line num="232" count="2530" type="stmt"/>
      <line num="235" count="2530" type="stmt"/>
      <line num="237" count="2530" type="stmt"/>
      <line num="240" count="679" type="stmt"/>
      <line num="241" count="679" type="stmt"/>
      <line num="245" count="1" type="stmt"/>
      <line num="246" count="27" type="stmt"/>
      <line num="247" count="27" type="stmt"/>
      <line num="248" count="5692" type="stmt"/>
      <line num="249" count="5692" type="stmt"/>
      <line num="250" count="5692" type="stmt"/>
      <line num="252" count="27" type="stmt"/>
      <line num="256" count="1" type="stmt"/>
      <line num="257" count="4" type="stmt"/>
      <line num="258" count="4" type="stmt"/>
      <line num="259" count="876" type="stmt"/>
      <line num="269" count="1" type="stmt"/>
      <line num="270" count="6850" type="cond" truecount="2" falsecount="0"/>
      <line num="271" count="2" type="stmt"/>
      <line num="274" count="6850" type="stmt"/>
      <line num="275" count="6863" type="stmt"/>
      <line num="276" count="6863" type="stmt"/>
      <line num="277" count="6863" type="stmt"/>
      <line num="278" count="6863" type="stmt"/>
      <line num="281" count="6850" type="stmt"/>
      <line num="290" count="1" type="cond" truecount="0" falsecount="3"/>
      <line num="291" count="0" type="cond" truecount="0" falsecount="2"/>
      <line num="292" count="0" type="stmt"/>
      <line num="294" count="0" type="cond" truecount="0" falsecount="2"/>
      <line num="295" count="0" type="stmt"/>
      <line num="297" count="0" type="cond" truecount="0" falsecount="2"/>
      <line num="298" count="0" type="stmt"/>
      <line num="301" count="1" type="stmt"/>
      <line num="304" count="1" type="stmt"/>
      <line num="305" count="340" type="stmt"/>
      <line num="307" count="1" type="stmt"/>
      <line num="308" count="2" type="stmt"/>
      <line num="309" count="2" type="stmt"/>
      <line num="310" count="100" type="stmt"/>
      <line num="311" count="100" type="stmt"/>
      <line num="313" count="2" type="cond" truecount="2" falsecount="0"/>
      <line num="315" count="1" type="stmt"/>
      <line num="316" count="1" type="stmt"/>
      <line num="320" count="1" type="stmt"/>
      <line num="321" count="340" type="stmt"/>
      <line num="325" count="1" type="cond" truecount="1" falsecount="0"/>
      <line num="326" count="2" type="stmt"/>
      <line num="330" count="1" type="stmt"/>
      <line num="331" count="458" type="cond" truecount="2" falsecount="0"/>
      <line num="332" count="228" type="stmt"/>
      <line num="333" count="228" type="stmt"/>
      <line num="334" count="228" type="stmt"/>
      <line num="339" count="1" type="stmt"/>
      <line num="340" count="228" type="stmt"/>
      <line num="341" count="228" type="stmt"/>
      <line num="342" count="228" type="stmt"/>
      <line num="343" count="228" type="stmt"/>
      <line num="344" count="228" type="stmt"/>
      <line num="345" count="228" type="stmt"/>
      <line num="346" count="2583" type="stmt"/>
      <line num="347" count="2583" type="cond" truecount="2" falsecount="0"/>
      <line num="348" count="1358" type="stmt"/>
      <line num="350" count="1358" type="stmt"/>
      <line num="351" count="1358" type="stmt"/>
      <line num="355" count="228" type="stmt"/>
      <line num="356" count="228" type="stmt"/>
      <line num="357" count="228" type="stmt"/>
      <line num="359" count="228" type="stmt"/>
      <line num="362" count="1611" type="stmt"/>
      <line num="366" count="1" type="stmt"/>
      <line num="368" count="9" type="cond" truecount="2" falsecount="0"/>
      <line num="369" count="1" type="stmt"/>
      <line num="371" count="8" type="cond" truecount="2" falsecount="0"/>
      <line num="372" count="2" type="cond" truecount="2" falsecount="0"/>
      <line num="373" count="1" type="stmt"/>
      <line num="376" count="1" type="stmt"/>
      <line num="379" count="9" type="cond" truecount="2" falsecount="0"/>
      <line num="380" count="4" type="stmt"/>
      <line num="382" count="9" type="cond" truecount="2" falsecount="0"/>
      <line num="383" count="2" type="stmt"/>
      <line num="385" count="7" type="cond" truecount="2" falsecount="0"/>
      <line num="386" count="1" type="stmt"/>
      <line num="388" count="9" type="stmt"/>
      <line num="389" count="9" type="stmt"/>
      <line num="390" count="417" type="stmt"/>
      <line num="392" count="9" type="stmt"/>
      <line num="393" count="5" type="stmt"/>
      <line num="395" count="9" type="stmt"/>
      <line num="400" count="1" type="cond" truecount="2" falsecount="0"/>
      <line num="401" count="34" type="cond" truecount="2" falsecount="0"/>
      <line num="402" count="1" type="stmt"/>
      <line num="404" count="33" type="cond" truecount="2" falsecount="0"/>
      <line num="405" count="2" type="stmt"/>
      <line num="407" count="33" type="cond" truecount="1" falsecount="1"/>
      <line num="410" count="33" type="stmt"/>
      <line num="411" count="33" type="stmt"/>
      <line num="413" count="33" type="stmt"/>
      <line num="414" count="33" type="stmt"/>
      <line num="417" count="33" type="cond" truecount="2" falsecount="0"/>
      <line num="419" count="29" type="stmt"/>
      <line num="422" count="4" type="stmt"/>
      <line num="423" count="4" type="stmt"/>
      <line num="426" count="4" type="stmt"/>
      <line num="429" count="4" type="stmt"/>
      <line num="430" count="38" type="stmt"/>
      <line num="434" count="4" type="stmt"/>
      <line num="435" count="4" type="stmt"/>
      <line num="436" count="12" type="stmt"/>
      <line num="437" count="12" type="stmt"/>
      <line num="438" count="168" type="stmt"/>
      <line num="439" count="168" type="stmt"/>
      <line num="444" count="4" type="stmt"/>
      <line num="445" count="4" type="stmt"/>
      <line num="446" count="5" type="stmt"/>
      <line num="447" count="5" type="stmt"/>
      <line num="449" count="4" type="stmt"/>
      <line num="453" count="1" type="stmt"/>
      <line num="454" count="4" type="cond" truecount="2" falsecount="0"/>
      <line num="455" count="1" type="stmt"/>
      <line num="457" count="4" type="stmt"/>
      <line num="458" count="10" type="stmt"/>
      <line num="460" count="4" type="stmt"/>
      <line num="463" count="1" type="stmt"/>
      <line num="464" count="0" type="cond" truecount="0" falsecount="2"/>
    </file>
    <file name="ringBuffer.js" path="/Users/stone.tao/Desktop/Coding/Projects/IgushArray/IgushArray JS/ringBuffer.js">
      <metrics statements="90" coveredstatements="79" conditionals="35" coveredconditionals="25" methods="15" coveredmethods="13"/>
      <line num="32" count="1" type="stmt"/>
      <line num="35" count="518" type="stmt"/>
      <line num="36" count="518" type="stmt"/>
      <line num="37" count="518" type="stmt"/>
      <line num="38" count="518" type="stmt"/>
      <line num="39" count="518" type="stmt"/>
      <line num="41" count="1" type="stmt"/>
      <line num="42" count="1729" type="stmt"/>
      <line num="44" count="1" type="stmt"/>
      <line num="45" count="1505" type="stmt"/>
      <line num="47" count="1" type="stmt"/>
      <line num="48" count="11297" type="stmt"/>
      <line num="50" count="1" type="stmt"/>
      <line num="51" count="6502" type="stmt"/>
      <line num="52" count="6502" type="stmt"/>
      <line num="53" count="6502" type="stmt"/>
      <line num="60" count="1" type="stmt"/>
      <line num="61" count="8958" type="cond" truecount="2" falsecount="0"/>
      <line num="65" count="8953" type="cond" truecount="2" falsecount="0"/>
      <line num="66" count="414" type="stmt"/>
      <line num="69" count="8539" type="stmt"/>
      <line num="72" count="8953" type="cond" truecount="2" falsecount="0"/>
      <line num="73" count="8186" type="stmt"/>
      <line num="77" count="767" type="stmt"/>
      <line num="78" count="767" type="stmt"/>
      <line num="79" count="767" type="stmt"/>
      <line num="80" count="345" type="stmt"/>
      <line num="84" count="8953" type="cond" truecount="2" falsecount="0"/>
      <line num="86" count="8923" type="stmt"/>
      <line num="87" count="8923" type="stmt"/>
      <line num="88" count="8923" type="cond" truecount="2" falsecount="0"/>
      <line num="89" count="414" type="stmt"/>
      <line num="92" count="30" type="stmt"/>
      <line num="93" count="30" type="cond" truecount="1" falsecount="1"/>
      <line num="94" count="0" type="stmt"/>
      <line num="96" count="30" type="cond" truecount="2" falsecount="0"/>
      <line num="97" count="28" type="stmt"/>
      <line num="100" count="8953" type="stmt"/>
      <line num="102" count="5" type="stmt"/>
      <line num="105" count="1" type="stmt"/>
      <line num="106" count="8923" type="stmt"/>
      <line num="109" count="1" type="stmt"/>
      <line num="110" count="0" type="stmt"/>
      <line num="113" count="1" type="stmt"/>
      <line num="114" count="1381" type="stmt"/>
      <line num="118" count="1" type="stmt"/>
      <line num="120" count="3190" type="cond" truecount="1" falsecount="1"/>
      <line num="121" count="0" type="stmt"/>
      <line num="124" count="3190" type="stmt"/>
      <line num="126" count="3190" type="stmt"/>
      <line num="127" count="3190" type="stmt"/>
      <line num="128" count="3190" type="stmt"/>
      <line num="129" count="3190" type="stmt"/>
      <line num="130" count="3190" type="stmt"/>
      <line num="132" count="3190" type="cond" truecount="1" falsecount="1"/>
      <line num="133" count="0" type="cond" truecount="0" falsecount="2"/>
      <line num="135" count="3190" type="cond" truecount="4" falsecount="0"/>
      <line num="136" count="129" type="stmt"/>
      <line num="138" count="3190" type="cond" truecount="2" falsecount="0"/>
      <line num="139" count="2872" type="cond" truecount="2" falsecount="0"/>
      <line num="141" count="3190" type="stmt"/>
      <line num="146" count="1" type="stmt"/>
      <line num="147" count="49" type="stmt"/>
      <line num="148" count="49" type="cond" truecount="1" falsecount="1"/>
      <line num="149" count="49" type="stmt"/>
      <line num="153" count="0" type="cond" truecount="0" falsecount="2"/>
      <line num="155" count="0" type="stmt"/>
      <line num="160" count="0" type="stmt"/>
      <line num="169" count="1" type="stmt"/>
      <line num="170" count="0" type="stmt"/>
      <line num="171" count="0" type="stmt"/>
      <line num="172" count="0" type="stmt"/>
      <line num="181" count="1" type="stmt"/>
      <line num="183" count="142" type="stmt"/>
      <line num="184" count="142" type="stmt"/>
      <line num="185" count="142" type="stmt"/>
      <line num="186" count="142" type="stmt"/>
      <line num="195" count="1" type="stmt"/>
      <line num="197" count="2530" type="stmt"/>
      <line num="198" count="2530" type="stmt"/>
      <line num="199" count="2530" type="stmt"/>
      <line num="200" count="2530" type="stmt"/>
      <line num="208" count="1" type="stmt"/>
      <line num="209" count="97" type="cond" truecount="1" falsecount="1"/>
      <line num="210" count="0" type="stmt"/>
      <line num="218" count="97" type="stmt"/>
      <line num="219" count="97" type="stmt"/>
      <line num="220" count="97" type="stmt"/>
      <line num="221" count="1554" type="stmt"/>
      <line num="223" count="97" type="stmt"/>
    </file>
  </project>
</coverage>
