<?xml version="1.0" encoding="UTF-8"?>
<coverage generated="1568594503634" clover="3.2.0">
  <project timestamp="1568594503635" name="All files">
    <metrics statements="321" coveredstatements="301" conditionals="114" coveredconditionals="85" methods="42" coveredmethods="38" elements="477" coveredelements="424" complexity="0" loc="321" ncloc="321" packages="2" files="2" classes="2"/>
    <package name="IgushArray JS">
      <metrics statements="231" coveredstatements="222" conditionals="79" coveredconditionals="60" methods="27" coveredmethods="25"/>
      <file name="igushArray.js" path="/Users/stone.tao/Desktop/Coding/Projects/IgushArray/IgushArray JS/igushArray.js">
        <metrics statements="231" coveredstatements="222" conditionals="79" coveredconditionals="60" methods="27" coveredmethods="25"/>
        <line num="31" count="1" type="stmt"/>
        <line num="33" count="1" type="stmt"/>
        <line num="36" count="32" type="stmt"/>
        <line num="37" count="32" type="stmt"/>
        <line num="38" count="32" type="stmt"/>
        <line num="39" count="32" type="stmt"/>
        <line num="41" count="32" type="stmt"/>
        <line num="42" count="32" type="stmt"/>
        <line num="44" count="32" type="stmt"/>
        <line num="45" count="486" type="stmt"/>
        <line num="47" count="32" type="cond" truecount="2" falsecount="0"/>
        <line num="48" count="20" type="stmt"/>
        <line num="50" count="12" type="stmt"/>
        <line num="54" count="1" type="stmt"/>
        <line num="55" count="8" type="cond" truecount="1" falsecount="1"/>
        <line num="56" count="0" type="stmt"/>
        <line num="58" count="8" type="stmt"/>
        <line num="63" count="8" type="stmt"/>
        <line num="64" count="8" type="stmt"/>
        <line num="65" count="8" type="stmt"/>
        <line num="67" count="8" type="cond" truecount="2" falsecount="0"/>
        <line num="69" count="6" type="stmt"/>
        <line num="73" count="6" type="stmt"/>
        <line num="74" count="89" type="stmt"/>
        <line num="78" count="6" type="stmt"/>
        <line num="79" count="6" type="stmt"/>
        <line num="80" count="6" type="stmt"/>
        <line num="81" count="62" type="stmt"/>
        <line num="85" count="62" type="stmt"/>
        <line num="87" count="1505" type="cond" truecount="2" falsecount="0"/>
        <line num="88" count="124" type="stmt"/>
        <line num="89" count="124" type="cond" truecount="2" falsecount="0"/>
        <line num="90" count="5" type="stmt"/>
        <line num="94" count="1381" type="stmt"/>
        <line num="95" count="1381" type="stmt"/>
        <line num="98" count="62" type="stmt"/>
        <line num="103" count="8" type="cond" truecount="1" falsecount="1"/>
        <line num="105" count="8" type="cond" truecount="1" falsecount="1"/>
        <line num="107" count="8" type="stmt"/>
        <line num="110" count="8" type="stmt"/>
        <line num="117" count="8" type="stmt"/>
        <line num="118" count="8" type="stmt"/>
        <line num="119" count="22" type="stmt"/>
        <line num="122" count="8" type="stmt"/>
        <line num="124" count="8" type="cond" truecount="2" falsecount="0"/>
        <line num="125" count="6" type="stmt"/>
        <line num="128" count="2" type="stmt"/>
        <line num="132" count="8" type="stmt"/>
        <line num="137" count="1" type="stmt"/>
        <line num="138" count="6249" type="stmt"/>
        <line num="139" count="6249" type="stmt"/>
        <line num="140" count="6249" type="stmt"/>
        <line num="141" count="6249" type="stmt"/>
        <line num="145" count="1" type="stmt"/>
        <line num="146" count="5" type="stmt"/>
        <line num="147" count="5" type="stmt"/>
        <line num="148" count="5" type="stmt"/>
        <line num="149" count="5" type="stmt"/>
        <line num="150" count="5" type="cond" truecount="1" falsecount="1"/>
        <line num="154" count="5" type="stmt"/>
        <line num="155" count="5" type="stmt"/>
        <line num="156" count="5" type="stmt"/>
        <line num="159" count="5" type="stmt"/>
        <line num="165" count="1" type="stmt"/>
        <line num="166" count="1115" type="stmt"/>
        <line num="167" count="1115" type="stmt"/>
        <line num="168" count="1115" type="stmt"/>
        <line num="169" count="1115" type="stmt"/>
        <line num="170" count="1115" type="stmt"/>
        <line num="171" count="1115" type="stmt"/>
        <line num="172" count="1115" type="stmt"/>
        <line num="173" count="1115" type="stmt"/>
        <line num="177" count="1" type="stmt"/>
        <line num="178" count="4185" type="stmt"/>
        <line num="179" count="4185" type="stmt"/>
        <line num="180" count="4185" type="stmt"/>
        <line num="183" count="1" type="stmt"/>
        <line num="184" count="7364" type="cond" truecount="3" falsecount="1"/>
        <line num="185" count="0" type="stmt"/>
        <line num="188" count="1" type="stmt"/>
        <line num="189" count="6" type="cond" truecount="4" falsecount="0"/>
        <line num="190" count="1" type="stmt"/>
        <line num="195" count="1" type="stmt"/>
        <line num="196" count="10" type="cond" truecount="1" falsecount="1"/>
        <line num="197" count="10" type="stmt"/>
        <line num="198" count="10" type="stmt"/>
        <line num="200" count="10" type="stmt"/>
        <line num="201" count="10" type="stmt"/>
        <line num="204" count="1" type="stmt"/>
        <line num="205" count="15" type="stmt"/>
        <line num="206" count="157" type="stmt"/>
        <line num="210" count="157" type="cond" truecount="2" falsecount="0"/>
        <line num="211" count="142" type="stmt"/>
        <line num="213" count="15" type="stmt"/>
        <line num="214" count="15" type="stmt"/>
        <line num="216" count="142" type="stmt"/>
        <line num="220" count="1" type="stmt"/>
        <line num="222" count="1115" type="stmt"/>
        <line num="223" count="1115" type="cond" truecount="2" falsecount="0"/>
        <line num="224" count="436" type="stmt"/>
        <line num="226" count="679" type="stmt"/>
        <line num="227" count="679" type="stmt"/>
        <line num="228" count="679" type="stmt"/>
        <line num="230" count="679" type="stmt"/>
        <line num="231" count="2530" type="stmt"/>
        <line num="234" count="2530" type="stmt"/>
        <line num="236" count="2530" type="stmt"/>
        <line num="239" count="679" type="stmt"/>
        <line num="240" count="679" type="stmt"/>
        <line num="244" count="1" type="stmt"/>
        <line num="245" count="27" type="stmt"/>
        <line num="246" count="27" type="stmt"/>
        <line num="247" count="5692" type="stmt"/>
        <line num="248" count="5692" type="stmt"/>
        <line num="249" count="5692" type="stmt"/>
        <line num="251" count="27" type="stmt"/>
        <line num="255" count="1" type="stmt"/>
        <line num="256" count="7" type="stmt"/>
        <line num="257" count="7" type="stmt"/>
        <line num="258" count="1333" type="stmt"/>
        <line num="268" count="1" type="stmt"/>
        <line num="269" count="7188" type="cond" truecount="2" falsecount="0"/>
        <line num="270" count="2" type="stmt"/>
        <line num="273" count="7188" type="stmt"/>
        <line num="274" count="7201" type="stmt"/>
        <line num="275" count="7201" type="stmt"/>
        <line num="276" count="7201" type="stmt"/>
        <line num="277" count="7201" type="stmt"/>
        <line num="280" count="7188" type="stmt"/>
        <line num="289" count="1" type="cond" truecount="0" falsecount="3"/>
        <line num="290" count="0" type="cond" truecount="0" falsecount="2"/>
        <line num="291" count="0" type="stmt"/>
        <line num="293" count="0" type="cond" truecount="0" falsecount="2"/>
        <line num="294" count="0" type="stmt"/>
        <line num="296" count="0" type="cond" truecount="0" falsecount="2"/>
        <line num="297" count="0" type="stmt"/>
        <line num="300" count="1" type="cond" truecount="2" falsecount="0"/>
        <line num="301" count="3" type="stmt"/>
        <line num="302" count="313" type="stmt"/>
        <line num="304" count="3" type="stmt"/>
        <line num="306" count="1" type="stmt"/>
        <line num="307" count="340" type="stmt"/>
        <line num="309" count="1" type="stmt"/>
        <line num="310" count="2" type="stmt"/>
        <line num="311" count="2" type="stmt"/>
        <line num="312" count="100" type="stmt"/>
        <line num="313" count="100" type="stmt"/>
        <line num="315" count="2" type="cond" truecount="2" falsecount="0"/>
        <line num="317" count="1" type="stmt"/>
        <line num="318" count="1" type="stmt"/>
        <line num="322" count="1" type="stmt"/>
        <line num="323" count="340" type="stmt"/>
        <line num="327" count="1" type="cond" truecount="1" falsecount="0"/>
        <line num="328" count="2" type="stmt"/>
        <line num="332" count="1" type="stmt"/>
        <line num="333" count="456" type="cond" truecount="2" falsecount="0"/>
        <line num="334" count="227" type="stmt"/>
        <line num="335" count="227" type="stmt"/>
        <line num="336" count="227" type="stmt"/>
        <line num="341" count="1" type="stmt"/>
        <line num="342" count="227" type="stmt"/>
        <line num="343" count="227" type="stmt"/>
        <line num="344" count="227" type="stmt"/>
        <line num="345" count="227" type="stmt"/>
        <line num="346" count="227" type="stmt"/>
        <line num="347" count="227" type="stmt"/>
        <line num="348" count="2750" type="stmt"/>
        <line num="349" count="2750" type="cond" truecount="2" falsecount="0"/>
        <line num="350" count="1381" type="stmt"/>
        <line num="352" count="1381" type="stmt"/>
        <line num="353" count="1381" type="stmt"/>
        <line num="357" count="227" type="stmt"/>
        <line num="358" count="227" type="stmt"/>
        <line num="359" count="227" type="stmt"/>
        <line num="361" count="227" type="stmt"/>
        <line num="364" count="1800" type="stmt"/>
        <line num="368" count="1" type="stmt"/>
        <line num="370" count="9" type="cond" truecount="2" falsecount="0"/>
        <line num="371" count="1" type="stmt"/>
        <line num="373" count="8" type="cond" truecount="2" falsecount="0"/>
        <line num="374" count="2" type="cond" truecount="2" falsecount="0"/>
        <line num="375" count="1" type="stmt"/>
        <line num="378" count="1" type="stmt"/>
        <line num="381" count="9" type="cond" truecount="2" falsecount="0"/>
        <line num="382" count="4" type="stmt"/>
        <line num="384" count="9" type="cond" truecount="2" falsecount="0"/>
        <line num="385" count="2" type="stmt"/>
        <line num="387" count="7" type="cond" truecount="2" falsecount="0"/>
        <line num="388" count="1" type="stmt"/>
        <line num="390" count="9" type="stmt"/>
        <line num="391" count="9" type="stmt"/>
        <line num="392" count="417" type="stmt"/>
        <line num="394" count="9" type="stmt"/>
        <line num="395" count="5" type="stmt"/>
        <line num="397" count="9" type="stmt"/>
        <line num="402" count="1" type="cond" truecount="2" falsecount="0"/>
        <line num="403" count="34" type="cond" truecount="2" falsecount="0"/>
        <line num="404" count="1" type="stmt"/>
        <line num="406" count="33" type="cond" truecount="2" falsecount="0"/>
        <line num="407" count="2" type="stmt"/>
        <line num="409" count="33" type="cond" truecount="1" falsecount="1"/>
        <line num="412" count="33" type="stmt"/>
        <line num="413" count="33" type="stmt"/>
        <line num="415" count="33" type="stmt"/>
        <line num="416" count="33" type="stmt"/>
        <line num="419" count="33" type="cond" truecount="2" falsecount="0"/>
        <line num="421" count="29" type="stmt"/>
        <line num="424" count="4" type="stmt"/>
        <line num="425" count="4" type="stmt"/>
        <line num="428" count="4" type="stmt"/>
        <line num="431" count="4" type="stmt"/>
        <line num="432" count="38" type="stmt"/>
        <line num="436" count="4" type="stmt"/>
        <line num="437" count="4" type="stmt"/>
        <line num="438" count="12" type="stmt"/>
        <line num="439" count="12" type="stmt"/>
        <line num="440" count="168" type="stmt"/>
        <line num="441" count="168" type="stmt"/>
        <line num="446" count="4" type="stmt"/>
        <line num="447" count="4" type="stmt"/>
        <line num="448" count="5" type="stmt"/>
        <line num="449" count="5" type="stmt"/>
        <line num="451" count="4" type="stmt"/>
        <line num="455" count="1" type="stmt"/>
        <line num="456" count="4" type="cond" truecount="2" falsecount="0"/>
        <line num="457" count="1" type="stmt"/>
        <line num="459" count="4" type="stmt"/>
        <line num="460" count="10" type="stmt"/>
        <line num="462" count="4" type="stmt"/>
        <line num="465" count="1" type="stmt"/>
        <line num="466" count="0" type="cond" truecount="0" falsecount="2"/>
      </file>
    </package>
    <package name="IgushArray JS.util">
      <metrics statements="90" coveredstatements="79" conditionals="35" coveredconditionals="25" methods="15" coveredmethods="13"/>
      <file name="ringBuffer.js" path="/Users/stone.tao/Desktop/Coding/Projects/IgushArray/IgushArray JS/util/ringBuffer.js">
        <metrics statements="90" coveredstatements="79" conditionals="35" coveredconditionals="25" methods="15" coveredmethods="13"/>
        <line num="32" count="1" type="stmt"/>
        <line num="35" count="548" type="stmt"/>
        <line num="36" count="548" type="stmt"/>
        <line num="37" count="548" type="stmt"/>
        <line num="38" count="548" type="stmt"/>
        <line num="39" count="548" type="stmt"/>
        <line num="41" count="1" type="stmt"/>
        <line num="42" count="1729" type="stmt"/>
        <line num="44" count="1" type="stmt"/>
        <line num="45" count="1505" type="stmt"/>
        <line num="47" count="1" type="stmt"/>
        <line num="48" count="11941" type="stmt"/>
        <line num="50" count="1" type="stmt"/>
        <line num="51" count="6857" type="stmt"/>
        <line num="52" count="6857" type="stmt"/>
        <line num="53" count="6857" type="stmt"/>
        <line num="60" count="1" type="stmt"/>
        <line num="61" count="9296" type="cond" truecount="2" falsecount="0"/>
        <line num="65" count="9291" type="cond" truecount="2" falsecount="0"/>
        <line num="66" count="440" type="stmt"/>
        <line num="69" count="8851" type="stmt"/>
        <line num="72" count="9291" type="cond" truecount="2" falsecount="0"/>
        <line num="73" count="8524" type="stmt"/>
        <line num="77" count="767" type="stmt"/>
        <line num="78" count="767" type="stmt"/>
        <line num="79" count="767" type="stmt"/>
        <line num="80" count="345" type="stmt"/>
        <line num="84" count="9291" type="cond" truecount="2" falsecount="0"/>
        <line num="86" count="9261" type="stmt"/>
        <line num="87" count="9261" type="stmt"/>
        <line num="88" count="9261" type="cond" truecount="2" falsecount="0"/>
        <line num="89" count="440" type="stmt"/>
        <line num="92" count="30" type="stmt"/>
        <line num="93" count="30" type="cond" truecount="1" falsecount="1"/>
        <line num="94" count="0" type="stmt"/>
        <line num="96" count="30" type="cond" truecount="2" falsecount="0"/>
        <line num="97" count="28" type="stmt"/>
        <line num="100" count="9291" type="stmt"/>
        <line num="102" count="5" type="stmt"/>
        <line num="105" count="1" type="stmt"/>
        <line num="106" count="9261" type="stmt"/>
        <line num="109" count="1" type="stmt"/>
        <line num="110" count="0" type="stmt"/>
        <line num="113" count="1" type="stmt"/>
        <line num="114" count="1381" type="stmt"/>
        <line num="118" count="1" type="stmt"/>
        <line num="120" count="3190" type="cond" truecount="1" falsecount="1"/>
        <line num="121" count="0" type="stmt"/>
        <line num="124" count="3190" type="stmt"/>
        <line num="126" count="3190" type="stmt"/>
        <line num="127" count="3190" type="stmt"/>
        <line num="128" count="3190" type="stmt"/>
        <line num="129" count="3190" type="stmt"/>
        <line num="130" count="3190" type="stmt"/>
        <line num="132" count="3190" type="cond" truecount="1" falsecount="1"/>
        <line num="133" count="0" type="cond" truecount="0" falsecount="2"/>
        <line num="135" count="3190" type="cond" truecount="4" falsecount="0"/>
        <line num="136" count="129" type="stmt"/>
        <line num="138" count="3190" type="cond" truecount="2" falsecount="0"/>
        <line num="139" count="2872" type="cond" truecount="2" falsecount="0"/>
        <line num="141" count="3190" type="stmt"/>
        <line num="146" count="1" type="stmt"/>
        <line num="147" count="49" type="stmt"/>
        <line num="148" count="49" type="cond" truecount="1" falsecount="1"/>
        <line num="149" count="49" type="stmt"/>
        <line num="153" count="0" type="cond" truecount="0" falsecount="2"/>
        <line num="155" count="0" type="stmt"/>
        <line num="160" count="0" type="stmt"/>
        <line num="169" count="1" type="stmt"/>
        <line num="170" count="0" type="stmt"/>
        <line num="171" count="0" type="stmt"/>
        <line num="172" count="0" type="stmt"/>
        <line num="181" count="1" type="stmt"/>
        <line num="183" count="142" type="stmt"/>
        <line num="184" count="142" type="stmt"/>
        <line num="185" count="142" type="stmt"/>
        <line num="186" count="142" type="stmt"/>
        <line num="195" count="1" type="stmt"/>
        <line num="197" count="2530" type="stmt"/>
        <line num="198" count="2530" type="stmt"/>
        <line num="199" count="2530" type="stmt"/>
        <line num="200" count="2530" type="stmt"/>
        <line num="208" count="1" type="stmt"/>
        <line num="209" count="97" type="cond" truecount="1" falsecount="1"/>
        <line num="210" count="0" type="stmt"/>
        <line num="218" count="97" type="stmt"/>
        <line num="219" count="97" type="stmt"/>
        <line num="220" count="97" type="stmt"/>
        <line num="221" count="1554" type="stmt"/>
        <line num="223" count="97" type="stmt"/>
      </file>
    </package>
  </project>
</coverage>
