{"/Users/stone.tao/Desktop/Coding/Projects/IgushArray/IgushArray JS/igushArray.js": {"path":"/Users/stone.tao/Desktop/Coding/Projects/IgushArray/IgushArray JS/igushArray.js","statementMap":{"0":{"start":{"line":31,"column":17},"end":{"line":31,"column":48}},"1":{"start":{"line":33,"column":0},"end":{"line":33,"column":28}},"2":{"start":{"line":36,"column":2},"end":{"line":36,"column":34}},"3":{"start":{"line":37,"column":2},"end":{"line":37,"column":62}},"4":{"start":{"line":38,"column":2},"end":{"line":38,"column":58}},"5":{"start":{"line":39,"column":2},"end":{"line":39,"column":66}},"6":{"start":{"line":41,"column":2},"end":{"line":41,"column":43}},"7":{"start":{"line":42,"column":2},"end":{"line":42,"column":18}},"8":{"start":{"line":44,"column":2},"end":{"line":46,"column":3}},"9":{"start":{"line":45,"column":4},"end":{"line":45,"column":52}},"10":{"start":{"line":47,"column":2},"end":{"line":51,"column":3}},"11":{"start":{"line":48,"column":4},"end":{"line":48,"column":56}},"12":{"start":{"line":50,"column":4},"end":{"line":50,"column":52}},"13":{"start":{"line":54,"column":0},"end":{"line":134,"column":1}},"14":{"start":{"line":55,"column":2},"end":{"line":57,"column":3}},"15":{"start":{"line":56,"column":4},"end":{"line":56,"column":113}},"16":{"start":{"line":58,"column":2},"end":{"line":58,"column":30}},"17":{"start":{"line":63,"column":23},"end":{"line":63,"column":63}},"18":{"start":{"line":64,"column":27},"end":{"line":64,"column":57}},"19":{"start":{"line":65,"column":24},"end":{"line":65,"column":65}},"20":{"start":{"line":67,"column":2},"end":{"line":100,"column":3}},"21":{"start":{"line":69,"column":4},"end":{"line":69,"column":38}},"22":{"start":{"line":73,"column":4},"end":{"line":75,"column":5}},"23":{"start":{"line":73,"column":17},"end":{"line":73,"column":18}},"24":{"start":{"line":74,"column":6},"end":{"line":74,"column":49}},"25":{"start":{"line":78,"column":39},"end":{"line":78,"column":78}},"26":{"start":{"line":79,"column":12},"end":{"line":79,"column":13}},"27":{"start":{"line":80,"column":4},"end":{"line":99,"column":5}},"28":{"start":{"line":81,"column":25},"end":{"line":81,"column":30}},"29":{"start":{"line":85,"column":6},"end":{"line":97,"column":7}},"30":{"start":{"line":87,"column":8},"end":{"line":96,"column":9}},"31":{"start":{"line":88,"column":10},"end":{"line":88,"column":25}},"32":{"start":{"line":89,"column":10},"end":{"line":91,"column":11}},"33":{"start":{"line":90,"column":12},"end":{"line":90,"column":18}},"34":{"start":{"line":94,"column":23},"end":{"line":94,"column":57}},"35":{"start":{"line":95,"column":10},"end":{"line":95,"column":36}},"36":{"start":{"line":98,"column":6},"end":{"line":98,"column":10}},"37":{"start":{"line":103,"column":2},"end":{"line":133,"column":3}},"38":{"start":{"line":105,"column":4},"end":{"line":108,"column":5}},"39":{"start":{"line":107,"column":6},"end":{"line":107,"column":69}},"40":{"start":{"line":110,"column":4},"end":{"line":110,"column":81}},"41":{"start":{"line":117,"column":12},"end":{"line":117,"column":29}},"42":{"start":{"line":118,"column":4},"end":{"line":121,"column":5}},"43":{"start":{"line":119,"column":6},"end":{"line":119,"column":54}},"44":{"start":{"line":122,"column":4},"end":{"line":122,"column":46}},"45":{"start":{"line":124,"column":4},"end":{"line":130,"column":5}},"46":{"start":{"line":125,"column":6},"end":{"line":125,"column":58}},"47":{"start":{"line":128,"column":6},"end":{"line":128,"column":54}},"48":{"start":{"line":132,"column":4},"end":{"line":132,"column":40}},"49":{"start":{"line":137,"column":0},"end":{"line":142,"column":1}},"50":{"start":{"line":138,"column":2},"end":{"line":138,"column":26}},"51":{"start":{"line":139,"column":18},"end":{"line":139,"column":54}},"52":{"start":{"line":140,"column":17},"end":{"line":140,"column":41}},"53":{"start":{"line":141,"column":2},"end":{"line":141,"column":44}},"54":{"start":{"line":145,"column":0},"end":{"line":160,"column":1}},"55":{"start":{"line":146,"column":2},"end":{"line":146,"column":29}},"56":{"start":{"line":147,"column":18},"end":{"line":147,"column":54}},"57":{"start":{"line":148,"column":17},"end":{"line":148,"column":41}},"58":{"start":{"line":149,"column":14},"end":{"line":149,"column":34}},"59":{"start":{"line":150,"column":2},"end":{"line":158,"column":3}},"60":{"start":{"line":154,"column":25},"end":{"line":154,"column":83}},"61":{"start":{"line":155,"column":4},"end":{"line":155,"column":45}},"62":{"start":{"line":156,"column":4},"end":{"line":156,"column":49}},"63":{"start":{"line":159,"column":2},"end":{"line":159,"column":16}},"64":{"start":{"line":165,"column":0},"end":{"line":174,"column":1}},"65":{"start":{"line":166,"column":2},"end":{"line":166,"column":26}},"66":{"start":{"line":167,"column":18},"end":{"line":167,"column":54}},"67":{"start":{"line":168,"column":17},"end":{"line":168,"column":41}},"68":{"start":{"line":169,"column":14},"end":{"line":169,"column":34}},"69":{"start":{"line":170,"column":23},"end":{"line":170,"column":45}},"70":{"start":{"line":171,"column":2},"end":{"line":171,"column":33}},"71":{"start":{"line":172,"column":2},"end":{"line":172,"column":16}},"72":{"start":{"line":173,"column":2},"end":{"line":173,"column":24}},"73":{"start":{"line":177,"column":0},"end":{"line":181,"column":1}},"74":{"start":{"line":178,"column":18},"end":{"line":178,"column":54}},"75":{"start":{"line":179,"column":17},"end":{"line":179,"column":41}},"76":{"start":{"line":180,"column":2},"end":{"line":180,"column":50}},"77":{"start":{"line":183,"column":0},"end":{"line":187,"column":1}},"78":{"start":{"line":184,"column":2},"end":{"line":186,"column":3}},"79":{"start":{"line":185,"column":4},"end":{"line":185,"column":81}},"80":{"start":{"line":188,"column":0},"end":{"line":192,"column":1}},"81":{"start":{"line":189,"column":2},"end":{"line":191,"column":3}},"82":{"start":{"line":190,"column":4},"end":{"line":190,"column":80}},"83":{"start":{"line":195,"column":0},"end":{"line":202,"column":1}},"84":{"start":{"line":196,"column":2},"end":{"line":199,"column":3}},"85":{"start":{"line":197,"column":25},"end":{"line":197,"column":67}},"86":{"start":{"line":198,"column":4},"end":{"line":198,"column":37}},"87":{"start":{"line":200,"column":2},"end":{"line":200,"column":28}},"88":{"start":{"line":201,"column":2},"end":{"line":201,"column":16}},"89":{"start":{"line":204,"column":0},"end":{"line":218,"column":1}},"90":{"start":{"line":205,"column":2},"end":{"line":217,"column":3}},"91":{"start":{"line":206,"column":16},"end":{"line":206,"column":36}},"92":{"start":{"line":210,"column":4},"end":{"line":215,"column":5}},"93":{"start":{"line":211,"column":6},"end":{"line":211,"column":49}},"94":{"start":{"line":213,"column":6},"end":{"line":213,"column":33}},"95":{"start":{"line":214,"column":6},"end":{"line":214,"column":12}},"96":{"start":{"line":216,"column":4},"end":{"line":216,"column":19}},"97":{"start":{"line":220,"column":0},"end":{"line":241,"column":1}},"98":{"start":{"line":222,"column":22},"end":{"line":222,"column":67}},"99":{"start":{"line":223,"column":2},"end":{"line":225,"column":3}},"100":{"start":{"line":224,"column":4},"end":{"line":224,"column":11}},"101":{"start":{"line":226,"column":14},"end":{"line":226,"column":38}},"102":{"start":{"line":227,"column":2},"end":{"line":227,"column":31}},"103":{"start":{"line":228,"column":2},"end":{"line":228,"column":21}},"104":{"start":{"line":230,"column":2},"end":{"line":237,"column":3}},"105":{"start":{"line":231,"column":4},"end":{"line":231,"column":37}},"106":{"start":{"line":234,"column":4},"end":{"line":234,"column":45}},"107":{"start":{"line":236,"column":4},"end":{"line":236,"column":23}},"108":{"start":{"line":239,"column":2},"end":{"line":239,"column":35}},"109":{"start":{"line":240,"column":2},"end":{"line":240,"column":25}},"110":{"start":{"line":244,"column":0},"end":{"line":252,"column":1}},"111":{"start":{"line":245,"column":12},"end":{"line":245,"column":14}},"112":{"start":{"line":246,"column":2},"end":{"line":250,"column":3}},"113":{"start":{"line":246,"column":15},"end":{"line":246,"column":16}},"114":{"start":{"line":247,"column":20},"end":{"line":247,"column":52}},"115":{"start":{"line":248,"column":19},"end":{"line":248,"column":39}},"116":{"start":{"line":249,"column":4},"end":{"line":249,"column":52}},"117":{"start":{"line":251,"column":2},"end":{"line":251,"column":42}},"118":{"start":{"line":255,"column":0},"end":{"line":260,"column":1}},"119":{"start":{"line":256,"column":18},"end":{"line":256,"column":19}},"120":{"start":{"line":257,"column":2},"end":{"line":259,"column":3}},"121":{"start":{"line":258,"column":5},"end":{"line":258,"column":31}},"122":{"start":{"line":268,"column":0},"end":{"line":281,"column":1}},"123":{"start":{"line":269,"column":2},"end":{"line":271,"column":3}},"124":{"start":{"line":270,"column":4},"end":{"line":270,"column":70}},"125":{"start":{"line":273,"column":2},"end":{"line":278,"column":3}},"126":{"start":{"line":273,"column":15},"end":{"line":273,"column":16}},"127":{"start":{"line":274,"column":20},"end":{"line":274,"column":62}},"128":{"start":{"line":275,"column":19},"end":{"line":275,"column":49}},"129":{"start":{"line":276,"column":4},"end":{"line":276,"column":39}},"130":{"start":{"line":277,"column":4},"end":{"line":277,"column":21}},"131":{"start":{"line":280,"column":2},"end":{"line":280,"column":21}},"132":{"start":{"line":289,"column":0},"end":{"line":299,"column":1}},"133":{"start":{"line":290,"column":2},"end":{"line":292,"column":3}},"134":{"start":{"line":291,"column":4},"end":{"line":291,"column":34}},"135":{"start":{"line":293,"column":2},"end":{"line":295,"column":3}},"136":{"start":{"line":294,"column":4},"end":{"line":294,"column":11}},"137":{"start":{"line":296,"column":2},"end":{"line":298,"column":3}},"138":{"start":{"line":297,"column":4},"end":{"line":297,"column":28}},"139":{"start":{"line":300,"column":0},"end":{"line":305,"column":1}},"140":{"start":{"line":301,"column":2},"end":{"line":303,"column":3}},"141":{"start":{"line":301,"column":15},"end":{"line":301,"column":20}},"142":{"start":{"line":302,"column":4},"end":{"line":302,"column":23}},"143":{"start":{"line":304,"column":2},"end":{"line":304,"column":14}},"144":{"start":{"line":306,"column":0},"end":{"line":308,"column":1}},"145":{"start":{"line":307,"column":2},"end":{"line":307,"column":38}},"146":{"start":{"line":309,"column":0},"end":{"line":320,"column":1}},"147":{"start":{"line":310,"column":10},"end":{"line":310,"column":11}},"148":{"start":{"line":311,"column":2},"end":{"line":314,"column":3}},"149":{"start":{"line":312,"column":14},"end":{"line":312,"column":56}},"150":{"start":{"line":313,"column":4},"end":{"line":313,"column":39}},"151":{"start":{"line":315,"column":2},"end":{"line":319,"column":3}},"152":{"start":{"line":317,"column":14},"end":{"line":317,"column":42}},"153":{"start":{"line":318,"column":4},"end":{"line":318,"column":25}},"154":{"start":{"line":322,"column":0},"end":{"line":324,"column":1}},"155":{"start":{"line":323,"column":2},"end":{"line":323,"column":24}},"156":{"start":{"line":327,"column":0},"end":{"line":329,"column":1}},"157":{"start":{"line":328,"column":2},"end":{"line":328,"column":55}},"158":{"start":{"line":332,"column":0},"end":{"line":339,"column":1}},"159":{"start":{"line":333,"column":2},"end":{"line":337,"column":3}},"160":{"start":{"line":334,"column":21},"end":{"line":334,"column":74}},"161":{"start":{"line":335,"column":4},"end":{"line":335,"column":60}},"162":{"start":{"line":336,"column":4},"end":{"line":336,"column":58}},"163":{"start":{"line":341,"column":0},"end":{"line":362,"column":1}},"164":{"start":{"line":342,"column":19},"end":{"line":342,"column":68}},"165":{"start":{"line":343,"column":14},"end":{"line":343,"column":34}},"166":{"start":{"line":344,"column":13},"end":{"line":344,"column":48}},"167":{"start":{"line":345,"column":2},"end":{"line":345,"column":22}},"168":{"start":{"line":346,"column":10},"end":{"line":346,"column":19}},"169":{"start":{"line":347,"column":2},"end":{"line":356,"column":3}},"170":{"start":{"line":347,"column":15},"end":{"line":347,"column":20}},"171":{"start":{"line":348,"column":18},"end":{"line":348,"column":29}},"172":{"start":{"line":349,"column":4},"end":{"line":355,"column":5}},"173":{"start":{"line":350,"column":6},"end":{"line":350,"column":10}},"174":{"start":{"line":352,"column":16},"end":{"line":352,"column":40}},"175":{"start":{"line":353,"column":6},"end":{"line":353,"column":23}},"176":{"start":{"line":357,"column":2},"end":{"line":357,"column":23}},"177":{"start":{"line":358,"column":13},"end":{"line":358,"column":48}},"178":{"start":{"line":359,"column":2},"end":{"line":359,"column":22}},"179":{"start":{"line":361,"column":2},"end":{"line":361,"column":20}},"180":{"start":{"line":364,"column":2},"end":{"line":364,"column":52}},"181":{"start":{"line":368,"column":0},"end":{"line":399,"column":1}},"182":{"start":{"line":370,"column":2},"end":{"line":380,"column":3}},"183":{"start":{"line":371,"column":4},"end":{"line":371,"column":24}},"184":{"start":{"line":373,"column":7},"end":{"line":380,"column":3}},"185":{"start":{"line":374,"column":4},"end":{"line":379,"column":5}},"186":{"start":{"line":375,"column":6},"end":{"line":375,"column":16}},"187":{"start":{"line":378,"column":6},"end":{"line":378,"column":34}},"188":{"start":{"line":381,"column":2},"end":{"line":383,"column":3}},"189":{"start":{"line":382,"column":5},"end":{"line":382,"column":49}},"190":{"start":{"line":384,"column":2},"end":{"line":389,"column":3}},"191":{"start":{"line":385,"column":4},"end":{"line":385,"column":20}},"192":{"start":{"line":387,"column":7},"end":{"line":389,"column":3}},"193":{"start":{"line":388,"column":4},"end":{"line":388,"column":38}},"194":{"start":{"line":390,"column":16},"end":{"line":390,"column":38}},"195":{"start":{"line":391,"column":2},"end":{"line":393,"column":3}},"196":{"start":{"line":391,"column":15},"end":{"line":391,"column":16}},"197":{"start":{"line":392,"column":4},"end":{"line":392,"column":36}},"198":{"start":{"line":394,"column":2},"end":{"line":396,"column":3}},"199":{"start":{"line":394,"column":15},"end":{"line":394,"column":31}},"200":{"start":{"line":395,"column":4},"end":{"line":395,"column":30}},"201":{"start":{"line":397,"column":2},"end":{"line":397,"column":17}},"202":{"start":{"line":402,"column":0},"end":{"line":453,"column":1}},"203":{"start":{"line":403,"column":2},"end":{"line":405,"column":3}},"204":{"start":{"line":404,"column":4},"end":{"line":404,"column":14}},"205":{"start":{"line":406,"column":2},"end":{"line":408,"column":3}},"206":{"start":{"line":407,"column":4},"end":{"line":407,"column":22}},"207":{"start":{"line":409,"column":2},"end":{"line":411,"column":3}},"208":{"start":{"line":412,"column":23},"end":{"line":412,"column":59}},"209":{"start":{"line":413,"column":22},"end":{"line":413,"column":46}},"210":{"start":{"line":415,"column":21},"end":{"line":415,"column":55}},"211":{"start":{"line":416,"column":20},"end":{"line":416,"column":42}},"212":{"start":{"line":419,"column":2},"end":{"line":422,"column":3}},"213":{"start":{"line":421,"column":4},"end":{"line":421,"column":71}},"214":{"start":{"line":424,"column":15},"end":{"line":424,"column":37}},"215":{"start":{"line":425,"column":19},"end":{"line":425,"column":101}},"216":{"start":{"line":428,"column":10},"end":{"line":428,"column":11}},"217":{"start":{"line":431,"column":2},"end":{"line":433,"column":3}},"218":{"start":{"line":432,"column":4},"end":{"line":432,"column":30}},"219":{"start":{"line":436,"column":10},"end":{"line":436,"column":28}},"220":{"start":{"line":437,"column":2},"end":{"line":443,"column":3}},"221":{"start":{"line":438,"column":24},"end":{"line":438,"column":68}},"222":{"start":{"line":439,"column":4},"end":{"line":442,"column":5}},"223":{"start":{"line":439,"column":17},"end":{"line":439,"column":18}},"224":{"start":{"line":440,"column":6},"end":{"line":440,"column":35}},"225":{"start":{"line":441,"column":6},"end":{"line":441,"column":10}},"226":{"start":{"line":446,"column":18},"end":{"line":446,"column":63}},"227":{"start":{"line":447,"column":2},"end":{"line":450,"column":3}},"228":{"start":{"line":448,"column":4},"end":{"line":448,"column":28}},"229":{"start":{"line":449,"column":4},"end":{"line":449,"column":8}},"230":{"start":{"line":451,"column":2},"end":{"line":451,"column":16}},"231":{"start":{"line":455,"column":0},"end":{"line":463,"column":1}},"232":{"start":{"line":456,"column":2},"end":{"line":458,"column":3}},"233":{"start":{"line":457,"column":4},"end":{"line":457,"column":70}},"234":{"start":{"line":459,"column":2},"end":{"line":461,"column":3}},"235":{"start":{"line":459,"column":15},"end":{"line":459,"column":30}},"236":{"start":{"line":460,"column":4},"end":{"line":460,"column":30}},"237":{"start":{"line":462,"column":2},"end":{"line":462,"column":21}},"238":{"start":{"line":465,"column":0},"end":{"line":467,"column":1}},"239":{"start":{"line":466,"column":2},"end":{"line":466,"column":41}}},"fnMap":{"0":{"name":"IgushArray","decl":{"start":{"line":35,"column":9},"end":{"line":35,"column":19}},"loc":{"start":{"line":35,"column":42},"end":{"line":52,"column":1}},"line":35},"1":{"name":"(anonymous_1)","decl":{"start":{"line":54,"column":35},"end":{"line":54,"column":36}},"loc":{"start":{"line":54,"column":57},"end":{"line":134,"column":1}},"line":54},"2":{"name":"(anonymous_2)","decl":{"start":{"line":137,"column":27},"end":{"line":137,"column":28}},"loc":{"start":{"line":137,"column":43},"end":{"line":142,"column":1}},"line":137},"3":{"name":"(anonymous_3)","decl":{"start":{"line":145,"column":27},"end":{"line":145,"column":28}},"loc":{"start":{"line":145,"column":49},"end":{"line":160,"column":1}},"line":145},"4":{"name":"(anonymous_4)","decl":{"start":{"line":165,"column":30},"end":{"line":165,"column":31}},"loc":{"start":{"line":165,"column":46},"end":{"line":174,"column":1}},"line":165},"5":{"name":"(anonymous_5)","decl":{"start":{"line":177,"column":27},"end":{"line":177,"column":28}},"loc":{"start":{"line":177,"column":49},"end":{"line":181,"column":1}},"line":177},"6":{"name":"(anonymous_6)","decl":{"start":{"line":183,"column":35},"end":{"line":183,"column":36}},"loc":{"start":{"line":183,"column":51},"end":{"line":187,"column":1}},"line":183},"7":{"name":"(anonymous_7)","decl":{"start":{"line":188,"column":38},"end":{"line":188,"column":39}},"loc":{"start":{"line":188,"column":54},"end":{"line":192,"column":1}},"line":188},"8":{"name":"(anonymous_8)","decl":{"start":{"line":195,"column":34},"end":{"line":195,"column":35}},"loc":{"start":{"line":195,"column":49},"end":{"line":202,"column":1}},"line":195},"9":{"name":"(anonymous_9)","decl":{"start":{"line":204,"column":32},"end":{"line":204,"column":33}},"loc":{"start":{"line":204,"column":66},"end":{"line":218,"column":1}},"line":204},"10":{"name":"(anonymous_10)","decl":{"start":{"line":220,"column":34},"end":{"line":220,"column":35}},"loc":{"start":{"line":220,"column":54},"end":{"line":241,"column":1}},"line":220},"11":{"name":"(anonymous_11)","decl":{"start":{"line":244,"column":32},"end":{"line":244,"column":33}},"loc":{"start":{"line":244,"column":43},"end":{"line":252,"column":1}},"line":244},"12":{"name":"(anonymous_12)","decl":{"start":{"line":255,"column":40},"end":{"line":255,"column":41}},"loc":{"start":{"line":255,"column":52},"end":{"line":260,"column":1}},"line":255},"13":{"name":"(anonymous_13)","decl":{"start":{"line":268,"column":28},"end":{"line":268,"column":29}},"loc":{"start":{"line":268,"column":47},"end":{"line":281,"column":1}},"line":268},"14":{"name":"(anonymous_14)","decl":{"start":{"line":289,"column":34},"end":{"line":289,"column":35}},"loc":{"start":{"line":289,"column":85},"end":{"line":299,"column":1}},"line":289},"15":{"name":"(anonymous_15)","decl":{"start":{"line":300,"column":28},"end":{"line":300,"column":29}},"loc":{"start":{"line":300,"column":74},"end":{"line":305,"column":1}},"line":300},"16":{"name":"(anonymous_16)","decl":{"start":{"line":306,"column":27},"end":{"line":306,"column":28}},"loc":{"start":{"line":306,"column":38},"end":{"line":308,"column":1}},"line":306},"17":{"name":"(anonymous_17)","decl":{"start":{"line":309,"column":31},"end":{"line":309,"column":32}},"loc":{"start":{"line":309,"column":42},"end":{"line":320,"column":1}},"line":309},"18":{"name":"(anonymous_18)","decl":{"start":{"line":322,"column":29},"end":{"line":322,"column":30}},"loc":{"start":{"line":322,"column":40},"end":{"line":324,"column":1}},"line":322},"19":{"name":"(anonymous_19)","decl":{"start":{"line":327,"column":28},"end":{"line":327,"column":29}},"loc":{"start":{"line":327,"column":75},"end":{"line":329,"column":1}},"line":327},"20":{"name":"(anonymous_20)","decl":{"start":{"line":332,"column":34},"end":{"line":332,"column":35}},"loc":{"start":{"line":332,"column":72},"end":{"line":339,"column":1}},"line":332},"21":{"name":"(anonymous_21)","decl":{"start":{"line":341,"column":43},"end":{"line":341,"column":44}},"loc":{"start":{"line":341,"column":81},"end":{"line":362,"column":1}},"line":341},"22":{"name":"defaultSortCompare","decl":{"start":{"line":363,"column":9},"end":{"line":363,"column":27}},"loc":{"start":{"line":363,"column":34},"end":{"line":366,"column":1}},"line":363},"23":{"name":"(anonymous_23)","decl":{"start":{"line":368,"column":30},"end":{"line":368,"column":31}},"loc":{"start":{"line":368,"column":69},"end":{"line":399,"column":1}},"line":368},"24":{"name":"(anonymous_24)","decl":{"start":{"line":402,"column":29},"end":{"line":402,"column":30}},"loc":{"start":{"line":402,"column":68},"end":{"line":453,"column":1}},"line":402},"25":{"name":"(anonymous_25)","decl":{"start":{"line":455,"column":31},"end":{"line":455,"column":32}},"loc":{"start":{"line":455,"column":50},"end":{"line":463,"column":1}},"line":455},"26":{"name":"(anonymous_26)","decl":{"start":{"line":465,"column":31},"end":{"line":465,"column":32}},"loc":{"start":{"line":465,"column":42},"end":{"line":467,"column":1}},"line":465}},"branchMap":{"0":{"loc":{"start":{"line":35,"column":20},"end":{"line":35,"column":40}},"type":"default-arg","locations":[{"start":{"line":35,"column":38},"end":{"line":35,"column":40}}],"line":35},"1":{"loc":{"start":{"line":47,"column":2},"end":{"line":51,"column":3}},"type":"if","locations":[{"start":{"line":47,"column":2},"end":{"line":51,"column":3}},{"start":{"line":47,"column":2},"end":{"line":51,"column":3}}],"line":47},"2":{"loc":{"start":{"line":55,"column":2},"end":{"line":57,"column":3}},"type":"if","locations":[{"start":{"line":55,"column":2},"end":{"line":57,"column":3}},{"start":{"line":55,"column":2},"end":{"line":57,"column":3}}],"line":55},"3":{"loc":{"start":{"line":67,"column":2},"end":{"line":100,"column":3}},"type":"if","locations":[{"start":{"line":67,"column":2},"end":{"line":100,"column":3}},{"start":{"line":67,"column":2},"end":{"line":100,"column":3}}],"line":67},"4":{"loc":{"start":{"line":87,"column":8},"end":{"line":96,"column":9}},"type":"if","locations":[{"start":{"line":87,"column":8},"end":{"line":96,"column":9}},{"start":{"line":87,"column":8},"end":{"line":96,"column":9}}],"line":87},"5":{"loc":{"start":{"line":89,"column":10},"end":{"line":91,"column":11}},"type":"if","locations":[{"start":{"line":89,"column":10},"end":{"line":91,"column":11}},{"start":{"line":89,"column":10},"end":{"line":91,"column":11}}],"line":89},"6":{"loc":{"start":{"line":103,"column":2},"end":{"line":133,"column":3}},"type":"if","locations":[{"start":{"line":103,"column":2},"end":{"line":133,"column":3}},{"start":{"line":103,"column":2},"end":{"line":133,"column":3}}],"line":103},"7":{"loc":{"start":{"line":105,"column":4},"end":{"line":108,"column":5}},"type":"if","locations":[{"start":{"line":105,"column":4},"end":{"line":108,"column":5}},{"start":{"line":105,"column":4},"end":{"line":108,"column":5}}],"line":105},"8":{"loc":{"start":{"line":124,"column":4},"end":{"line":130,"column":5}},"type":"if","locations":[{"start":{"line":124,"column":4},"end":{"line":130,"column":5}},{"start":{"line":124,"column":4},"end":{"line":130,"column":5}}],"line":124},"9":{"loc":{"start":{"line":150,"column":2},"end":{"line":158,"column":3}},"type":"if","locations":[{"start":{"line":150,"column":2},"end":{"line":158,"column":3}},{"start":{"line":150,"column":2},"end":{"line":158,"column":3}}],"line":150},"10":{"loc":{"start":{"line":184,"column":2},"end":{"line":186,"column":3}},"type":"if","locations":[{"start":{"line":184,"column":2},"end":{"line":186,"column":3}},{"start":{"line":184,"column":2},"end":{"line":186,"column":3}}],"line":184},"11":{"loc":{"start":{"line":184,"column":6},"end":{"line":184,"column":39}},"type":"binary-expr","locations":[{"start":{"line":184,"column":6},"end":{"line":184,"column":26}},{"start":{"line":184,"column":30},"end":{"line":184,"column":39}}],"line":184},"12":{"loc":{"start":{"line":189,"column":2},"end":{"line":191,"column":3}},"type":"if","locations":[{"start":{"line":189,"column":2},"end":{"line":191,"column":3}},{"start":{"line":189,"column":2},"end":{"line":191,"column":3}}],"line":189},"13":{"loc":{"start":{"line":189,"column":6},"end":{"line":189,"column":38}},"type":"binary-expr","locations":[{"start":{"line":189,"column":6},"end":{"line":189,"column":25}},{"start":{"line":189,"column":29},"end":{"line":189,"column":38}}],"line":189},"14":{"loc":{"start":{"line":196,"column":2},"end":{"line":199,"column":3}},"type":"if","locations":[{"start":{"line":196,"column":2},"end":{"line":199,"column":3}},{"start":{"line":196,"column":2},"end":{"line":199,"column":3}}],"line":196},"15":{"loc":{"start":{"line":210,"column":4},"end":{"line":215,"column":5}},"type":"if","locations":[{"start":{"line":210,"column":4},"end":{"line":215,"column":5}},{"start":{"line":210,"column":4},"end":{"line":215,"column":5}}],"line":210},"16":{"loc":{"start":{"line":223,"column":2},"end":{"line":225,"column":3}},"type":"if","locations":[{"start":{"line":223,"column":2},"end":{"line":225,"column":3}},{"start":{"line":223,"column":2},"end":{"line":225,"column":3}}],"line":223},"17":{"loc":{"start":{"line":269,"column":2},"end":{"line":271,"column":3}},"type":"if","locations":[{"start":{"line":269,"column":2},"end":{"line":271,"column":3}},{"start":{"line":269,"column":2},"end":{"line":271,"column":3}}],"line":269},"18":{"loc":{"start":{"line":289,"column":43},"end":{"line":289,"column":53}},"type":"default-arg","locations":[{"start":{"line":289,"column":52},"end":{"line":289,"column":53}}],"line":289},"19":{"loc":{"start":{"line":289,"column":55},"end":{"line":289,"column":64}},"type":"default-arg","locations":[{"start":{"line":289,"column":63},"end":{"line":289,"column":64}}],"line":289},"20":{"loc":{"start":{"line":289,"column":66},"end":{"line":289,"column":83}},"type":"default-arg","locations":[{"start":{"line":289,"column":72},"end":{"line":289,"column":83}}],"line":289},"21":{"loc":{"start":{"line":290,"column":2},"end":{"line":292,"column":3}},"type":"if","locations":[{"start":{"line":290,"column":2},"end":{"line":292,"column":3}},{"start":{"line":290,"column":2},"end":{"line":292,"column":3}}],"line":290},"22":{"loc":{"start":{"line":293,"column":2},"end":{"line":295,"column":3}},"type":"if","locations":[{"start":{"line":293,"column":2},"end":{"line":295,"column":3}},{"start":{"line":293,"column":2},"end":{"line":295,"column":3}}],"line":293},"23":{"loc":{"start":{"line":296,"column":2},"end":{"line":298,"column":3}},"type":"if","locations":[{"start":{"line":296,"column":2},"end":{"line":298,"column":3}},{"start":{"line":296,"column":2},"end":{"line":298,"column":3}}],"line":296},"24":{"loc":{"start":{"line":300,"column":44},"end":{"line":300,"column":53}},"type":"default-arg","locations":[{"start":{"line":300,"column":52},"end":{"line":300,"column":53}}],"line":300},"25":{"loc":{"start":{"line":300,"column":55},"end":{"line":300,"column":72}},"type":"default-arg","locations":[{"start":{"line":300,"column":61},"end":{"line":300,"column":72}}],"line":300},"26":{"loc":{"start":{"line":315,"column":2},"end":{"line":319,"column":3}},"type":"if","locations":[{"start":{"line":315,"column":2},"end":{"line":319,"column":3}},{"start":{"line":315,"column":2},"end":{"line":319,"column":3}}],"line":315},"27":{"loc":{"start":{"line":327,"column":37},"end":{"line":327,"column":73}},"type":"default-arg","locations":[{"start":{"line":327,"column":55},"end":{"line":327,"column":73}}],"line":327},"28":{"loc":{"start":{"line":333,"column":2},"end":{"line":337,"column":3}},"type":"if","locations":[{"start":{"line":333,"column":2},"end":{"line":337,"column":3}},{"start":{"line":333,"column":2},"end":{"line":337,"column":3}}],"line":333},"29":{"loc":{"start":{"line":349,"column":4},"end":{"line":355,"column":5}},"type":"if","locations":[{"start":{"line":349,"column":4},"end":{"line":355,"column":5}},{"start":{"line":349,"column":4},"end":{"line":355,"column":5}}],"line":349},"30":{"loc":{"start":{"line":370,"column":2},"end":{"line":380,"column":3}},"type":"if","locations":[{"start":{"line":370,"column":2},"end":{"line":380,"column":3}},{"start":{"line":370,"column":2},"end":{"line":380,"column":3}}],"line":370},"31":{"loc":{"start":{"line":373,"column":7},"end":{"line":380,"column":3}},"type":"if","locations":[{"start":{"line":373,"column":7},"end":{"line":380,"column":3}},{"start":{"line":373,"column":7},"end":{"line":380,"column":3}}],"line":373},"32":{"loc":{"start":{"line":374,"column":4},"end":{"line":379,"column":5}},"type":"if","locations":[{"start":{"line":374,"column":4},"end":{"line":379,"column":5}},{"start":{"line":374,"column":4},"end":{"line":379,"column":5}}],"line":374},"33":{"loc":{"start":{"line":381,"column":2},"end":{"line":383,"column":3}},"type":"if","locations":[{"start":{"line":381,"column":2},"end":{"line":383,"column":3}},{"start":{"line":381,"column":2},"end":{"line":383,"column":3}}],"line":381},"34":{"loc":{"start":{"line":384,"column":2},"end":{"line":389,"column":3}},"type":"if","locations":[{"start":{"line":384,"column":2},"end":{"line":389,"column":3}},{"start":{"line":384,"column":2},"end":{"line":389,"column":3}}],"line":384},"35":{"loc":{"start":{"line":387,"column":7},"end":{"line":389,"column":3}},"type":"if","locations":[{"start":{"line":387,"column":7},"end":{"line":389,"column":3}},{"start":{"line":387,"column":7},"end":{"line":389,"column":3}}],"line":387},"36":{"loc":{"start":{"line":402,"column":38},"end":{"line":402,"column":47}},"type":"default-arg","locations":[{"start":{"line":402,"column":46},"end":{"line":402,"column":47}}],"line":402},"37":{"loc":{"start":{"line":402,"column":49},"end":{"line":402,"column":66}},"type":"default-arg","locations":[{"start":{"line":402,"column":55},"end":{"line":402,"column":66}}],"line":402},"38":{"loc":{"start":{"line":403,"column":2},"end":{"line":405,"column":3}},"type":"if","locations":[{"start":{"line":403,"column":2},"end":{"line":405,"column":3}},{"start":{"line":403,"column":2},"end":{"line":405,"column":3}}],"line":403},"39":{"loc":{"start":{"line":406,"column":2},"end":{"line":408,"column":3}},"type":"if","locations":[{"start":{"line":406,"column":2},"end":{"line":408,"column":3}},{"start":{"line":406,"column":2},"end":{"line":408,"column":3}}],"line":406},"40":{"loc":{"start":{"line":409,"column":2},"end":{"line":411,"column":3}},"type":"if","locations":[{"start":{"line":409,"column":2},"end":{"line":411,"column":3}},{"start":{"line":409,"column":2},"end":{"line":411,"column":3}}],"line":409},"41":{"loc":{"start":{"line":419,"column":2},"end":{"line":422,"column":3}},"type":"if","locations":[{"start":{"line":419,"column":2},"end":{"line":422,"column":3}},{"start":{"line":419,"column":2},"end":{"line":422,"column":3}}],"line":419},"42":{"loc":{"start":{"line":456,"column":2},"end":{"line":458,"column":3}},"type":"if","locations":[{"start":{"line":456,"column":2},"end":{"line":458,"column":3}},{"start":{"line":456,"column":2},"end":{"line":458,"column":3}}],"line":456},"43":{"loc":{"start":{"line":466,"column":9},"end":{"line":466,"column":40}},"type":"cond-expr","locations":[{"start":{"line":466,"column":28},"end":{"line":466,"column":32}},{"start":{"line":466,"column":35},"end":{"line":466,"column":40}}],"line":466}},"s":{"0":1,"1":1,"2":32,"3":32,"4":32,"5":32,"6":32,"7":32,"8":32,"9":486,"10":32,"11":20,"12":12,"13":1,"14":8,"15":0,"16":8,"17":8,"18":8,"19":8,"20":8,"21":6,"22":6,"23":6,"24":89,"25":6,"26":6,"27":6,"28":62,"29":62,"30":1505,"31":124,"32":124,"33":5,"34":1381,"35":1381,"36":62,"37":8,"38":8,"39":8,"40":8,"41":8,"42":8,"43":22,"44":8,"45":8,"46":6,"47":2,"48":8,"49":1,"50":6249,"51":6249,"52":6249,"53":6249,"54":1,"55":5,"56":5,"57":5,"58":5,"59":5,"60":5,"61":5,"62":5,"63":5,"64":1,"65":1115,"66":1115,"67":1115,"68":1115,"69":1115,"70":1115,"71":1115,"72":1115,"73":1,"74":4185,"75":4185,"76":4185,"77":1,"78":7364,"79":0,"80":1,"81":6,"82":1,"83":1,"84":10,"85":10,"86":10,"87":10,"88":10,"89":1,"90":15,"91":157,"92":157,"93":142,"94":15,"95":15,"96":142,"97":1,"98":1115,"99":1115,"100":436,"101":679,"102":679,"103":679,"104":679,"105":2530,"106":2530,"107":2530,"108":679,"109":679,"110":1,"111":27,"112":27,"113":27,"114":5692,"115":5692,"116":5692,"117":27,"118":1,"119":7,"120":7,"121":1333,"122":1,"123":7188,"124":2,"125":7188,"126":7188,"127":7201,"128":7201,"129":7201,"130":7201,"131":7188,"132":1,"133":0,"134":0,"135":0,"136":0,"137":0,"138":0,"139":1,"140":3,"141":3,"142":313,"143":3,"144":1,"145":340,"146":1,"147":2,"148":2,"149":100,"150":100,"151":2,"152":1,"153":1,"154":1,"155":340,"156":1,"157":2,"158":1,"159":456,"160":227,"161":227,"162":227,"163":1,"164":227,"165":227,"166":227,"167":227,"168":227,"169":227,"170":227,"171":2750,"172":2750,"173":1381,"174":1381,"175":1381,"176":227,"177":227,"178":227,"179":227,"180":1800,"181":1,"182":9,"183":1,"184":8,"185":2,"186":1,"187":1,"188":9,"189":4,"190":9,"191":2,"192":7,"193":1,"194":9,"195":9,"196":9,"197":417,"198":9,"199":9,"200":5,"201":9,"202":1,"203":34,"204":1,"205":33,"206":2,"207":33,"208":33,"209":33,"210":33,"211":33,"212":33,"213":29,"214":4,"215":4,"216":4,"217":4,"218":38,"219":4,"220":4,"221":12,"222":12,"223":12,"224":168,"225":168,"226":4,"227":4,"228":5,"229":5,"230":4,"231":1,"232":4,"233":1,"234":4,"235":4,"236":10,"237":4,"238":1,"239":0},"f":{"0":32,"1":8,"2":6249,"3":5,"4":1115,"5":4185,"6":7364,"7":6,"8":10,"9":15,"10":1115,"11":27,"12":7,"13":7188,"14":0,"15":3,"16":340,"17":2,"18":340,"19":2,"20":456,"21":227,"22":1800,"23":9,"24":34,"25":4,"26":0},"b":{"0":[0],"1":[20,12],"2":[0,8],"3":[6,2],"4":[124,1381],"5":[5,119],"6":[8,0],"7":[8,0],"8":[6,2],"9":[5,0],"10":[0,7364],"11":[7364,7364],"12":[1,5],"13":[6,5],"14":[10,0],"15":[142,15],"16":[436,679],"17":[2,7186],"18":[0],"19":[0],"20":[0],"21":[0,0],"22":[0,0],"23":[0,0],"24":[1],"25":[2],"26":[1,1],"27":[1],"28":[227,229],"29":[1381,1369],"30":[1,8],"31":[2,6],"32":[1,1],"33":[4,5],"34":[2,7],"35":[1,6],"36":[1],"37":[3],"38":[1,33],"39":[2,31],"40":[0,33],"41":[29,4],"42":[1,3],"43":[0,0]},"_coverageSchema":"43e27e138ebf9cfc5966b082cf9a028302ed4184","hash":"3d087be82c5895da92d39833b9f039d633cf046a"}
,"/Users/stone.tao/Desktop/Coding/Projects/IgushArray/IgushArray JS/util/ringBuffer.js": {"path":"/Users/stone.tao/Desktop/Coding/Projects/IgushArray/IgushArray JS/util/ringBuffer.js","statementMap":{"0":{"start":{"line":32,"column":0},"end":{"line":32,"column":28}},"1":{"start":{"line":35,"column":3},"end":{"line":35,"column":28}},"2":{"start":{"line":36,"column":3},"end":{"line":36,"column":40}},"3":{"start":{"line":37,"column":3},"end":{"line":37,"column":18}},"4":{"start":{"line":38,"column":3},"end":{"line":38,"column":17}},"5":{"start":{"line":39,"column":3},"end":{"line":39,"column":17}},"6":{"start":{"line":41,"column":0},"end":{"line":43,"column":1}},"7":{"start":{"line":42,"column":2},"end":{"line":42,"column":37}},"8":{"start":{"line":44,"column":0},"end":{"line":46,"column":1}},"9":{"start":{"line":45,"column":2},"end":{"line":45,"column":25}},"10":{"start":{"line":47,"column":0},"end":{"line":49,"column":1}},"11":{"start":{"line":48,"column":2},"end":{"line":48,"column":53}},"12":{"start":{"line":50,"column":0},"end":{"line":54,"column":1}},"13":{"start":{"line":51,"column":15},"end":{"line":51,"column":58}},"14":{"start":{"line":52,"column":2},"end":{"line":52,"column":52}},"15":{"start":{"line":53,"column":2},"end":{"line":53,"column":16}},"16":{"start":{"line":60,"column":0},"end":{"line":103,"column":1}},"17":{"start":{"line":61,"column":2},"end":{"line":101,"column":3}},"18":{"start":{"line":65,"column":4},"end":{"line":70,"column":5}},"19":{"start":{"line":66,"column":6},"end":{"line":66,"column":33}},"20":{"start":{"line":69,"column":6},"end":{"line":69,"column":51}},"21":{"start":{"line":72,"column":4},"end":{"line":82,"column":5}},"22":{"start":{"line":73,"column":6},"end":{"line":73,"column":27}},"23":{"start":{"line":77,"column":20},"end":{"line":77,"column":51}},"24":{"start":{"line":78,"column":6},"end":{"line":78,"column":27}},"25":{"start":{"line":79,"column":6},"end":{"line":81,"column":7}},"26":{"start":{"line":79,"column":19},"end":{"line":79,"column":20}},"27":{"start":{"line":80,"column":8},"end":{"line":80,"column":44}},"28":{"start":{"line":84,"column":4},"end":{"line":99,"column":5}},"29":{"start":{"line":86,"column":6},"end":{"line":86,"column":21}},"30":{"start":{"line":87,"column":6},"end":{"line":87,"column":44}},"31":{"start":{"line":88,"column":6},"end":{"line":90,"column":7}},"32":{"start":{"line":89,"column":8},"end":{"line":89,"column":50}},"33":{"start":{"line":92,"column":6},"end":{"line":92,"column":21}},"34":{"start":{"line":93,"column":6},"end":{"line":95,"column":7}},"35":{"start":{"line":94,"column":8},"end":{"line":94,"column":50}},"36":{"start":{"line":96,"column":6},"end":{"line":98,"column":7}},"37":{"start":{"line":97,"column":8},"end":{"line":97,"column":46}},"38":{"start":{"line":100,"column":4},"end":{"line":100,"column":16}},"39":{"start":{"line":102,"column":2},"end":{"line":102,"column":15}},"40":{"start":{"line":105,"column":0},"end":{"line":107,"column":1}},"41":{"start":{"line":106,"column":2},"end":{"line":106,"column":34}},"42":{"start":{"line":109,"column":0},"end":{"line":111,"column":1}},"43":{"start":{"line":110,"column":2},"end":{"line":110,"column":26}},"44":{"start":{"line":113,"column":0},"end":{"line":115,"column":1}},"45":{"start":{"line":114,"column":2},"end":{"line":114,"column":24}},"46":{"start":{"line":118,"column":0},"end":{"line":142,"column":1}},"47":{"start":{"line":120,"column":2},"end":{"line":125,"column":3}},"48":{"start":{"line":121,"column":4},"end":{"line":121,"column":21}},"49":{"start":{"line":124,"column":4},"end":{"line":124,"column":41}},"50":{"start":{"line":126,"column":16},"end":{"line":126,"column":30}},"51":{"start":{"line":127,"column":16},"end":{"line":127,"column":51}},"52":{"start":{"line":128,"column":2},"end":{"line":128,"column":48}},"53":{"start":{"line":129,"column":2},"end":{"line":129,"column":35}},"54":{"start":{"line":130,"column":2},"end":{"line":130,"column":14}},"55":{"start":{"line":132,"column":2},"end":{"line":137,"column":3}},"56":{"start":{"line":133,"column":4},"end":{"line":133,"column":93}},"57":{"start":{"line":135,"column":7},"end":{"line":137,"column":3}},"58":{"start":{"line":136,"column":4},"end":{"line":136,"column":19}},"59":{"start":{"line":138,"column":2},"end":{"line":140,"column":3}},"60":{"start":{"line":139,"column":4},"end":{"line":139,"column":87}},"61":{"start":{"line":141,"column":2},"end":{"line":141,"column":17}},"62":{"start":{"line":146,"column":0},"end":{"line":167,"column":1}},"63":{"start":{"line":147,"column":17},"end":{"line":147,"column":49}},"64":{"start":{"line":148,"column":2},"end":{"line":150,"column":3}},"65":{"start":{"line":149,"column":4},"end":{"line":149,"column":57}},"66":{"start":{"line":153,"column":2},"end":{"line":161,"column":3}},"67":{"start":{"line":155,"column":4},"end":{"line":155,"column":69}},"68":{"start":{"line":160,"column":4},"end":{"line":160,"column":107}},"69":{"start":{"line":169,"column":0},"end":{"line":173,"column":1}},"70":{"start":{"line":170,"column":2},"end":{"line":170,"column":39}},"71":{"start":{"line":171,"column":2},"end":{"line":171,"column":12}},"72":{"start":{"line":172,"column":2},"end":{"line":172,"column":11}},"73":{"start":{"line":181,"column":0},"end":{"line":187,"column":1}},"74":{"start":{"line":183,"column":19},"end":{"line":183,"column":51}},"75":{"start":{"line":184,"column":2},"end":{"line":184,"column":60}},"76":{"start":{"line":185,"column":2},"end":{"line":185,"column":64}},"77":{"start":{"line":186,"column":2},"end":{"line":186,"column":20}},"78":{"start":{"line":195,"column":0},"end":{"line":201,"column":1}},"79":{"start":{"line":197,"column":19},"end":{"line":197,"column":39}},"80":{"start":{"line":198,"column":2},"end":{"line":198,"column":44}},"81":{"start":{"line":199,"column":2},"end":{"line":199,"column":48}},"82":{"start":{"line":200,"column":2},"end":{"line":200,"column":20}},"83":{"start":{"line":208,"column":0},"end":{"line":224,"column":1}},"84":{"start":{"line":209,"column":2},"end":{"line":211,"column":3}},"85":{"start":{"line":210,"column":4},"end":{"line":210,"column":119}},"86":{"start":{"line":218,"column":2},"end":{"line":218,"column":29}},"87":{"start":{"line":219,"column":2},"end":{"line":219,"column":37}},"88":{"start":{"line":220,"column":2},"end":{"line":222,"column":3}},"89":{"start":{"line":220,"column":15},"end":{"line":220,"column":16}},"90":{"start":{"line":221,"column":4},"end":{"line":221,"column":30}},"91":{"start":{"line":223,"column":2},"end":{"line":223,"column":22}}},"fnMap":{"0":{"name":"RingBuffer","decl":{"start":{"line":34,"column":9},"end":{"line":34,"column":19}},"loc":{"start":{"line":34,"column":35},"end":{"line":40,"column":2}},"line":34},"1":{"name":"(anonymous_1)","decl":{"start":{"line":41,"column":30},"end":{"line":41,"column":31}},"loc":{"start":{"line":41,"column":41},"end":{"line":43,"column":1}},"line":41},"2":{"name":"(anonymous_2)","decl":{"start":{"line":44,"column":31},"end":{"line":44,"column":32}},"loc":{"start":{"line":44,"column":42},"end":{"line":46,"column":1}},"line":44},"3":{"name":"(anonymous_3)","decl":{"start":{"line":47,"column":27},"end":{"line":47,"column":28}},"loc":{"start":{"line":47,"column":43},"end":{"line":49,"column":1}},"line":47},"4":{"name":"(anonymous_4)","decl":{"start":{"line":50,"column":27},"end":{"line":50,"column":28}},"loc":{"start":{"line":50,"column":48},"end":{"line":54,"column":1}},"line":50},"5":{"name":"(anonymous_5)","decl":{"start":{"line":60,"column":27},"end":{"line":60,"column":28}},"loc":{"start":{"line":60,"column":48},"end":{"line":103,"column":1}},"line":60},"6":{"name":"(anonymous_6)","decl":{"start":{"line":105,"column":28},"end":{"line":105,"column":29}},"loc":{"start":{"line":105,"column":42},"end":{"line":107,"column":1}},"line":105},"7":{"name":"(anonymous_7)","decl":{"start":{"line":109,"column":33},"end":{"line":109,"column":34}},"loc":{"start":{"line":109,"column":47},"end":{"line":111,"column":1}},"line":109},"8":{"name":"(anonymous_8)","decl":{"start":{"line":113,"column":32},"end":{"line":113,"column":33}},"loc":{"start":{"line":113,"column":43},"end":{"line":115,"column":1}},"line":113},"9":{"name":"(anonymous_9)","decl":{"start":{"line":118,"column":30},"end":{"line":118,"column":31}},"loc":{"start":{"line":118,"column":42},"end":{"line":142,"column":1}},"line":118},"10":{"name":"(anonymous_10)","decl":{"start":{"line":146,"column":29},"end":{"line":146,"column":30}},"loc":{"start":{"line":146,"column":50},"end":{"line":167,"column":1}},"line":146},"11":{"name":"(anonymous_11)","decl":{"start":{"line":169,"column":29},"end":{"line":169,"column":30}},"loc":{"start":{"line":169,"column":40},"end":{"line":173,"column":1}},"line":169},"12":{"name":"(anonymous_12)","decl":{"start":{"line":181,"column":31},"end":{"line":181,"column":32}},"loc":{"start":{"line":181,"column":49},"end":{"line":187,"column":1}},"line":181},"13":{"name":"(anonymous_13)","decl":{"start":{"line":195,"column":33},"end":{"line":195,"column":34}},"loc":{"start":{"line":195,"column":51},"end":{"line":201,"column":1}},"line":195},"14":{"name":"(anonymous_14)","decl":{"start":{"line":208,"column":35},"end":{"line":208,"column":36}},"loc":{"start":{"line":208,"column":57},"end":{"line":224,"column":1}},"line":208}},"branchMap":{"0":{"loc":{"start":{"line":34,"column":20},"end":{"line":34,"column":33}},"type":"default-arg","locations":[{"start":{"line":34,"column":31},"end":{"line":34,"column":33}}],"line":34},"1":{"loc":{"start":{"line":61,"column":2},"end":{"line":101,"column":3}},"type":"if","locations":[{"start":{"line":61,"column":2},"end":{"line":101,"column":3}},{"start":{"line":61,"column":2},"end":{"line":101,"column":3}}],"line":61},"2":{"loc":{"start":{"line":65,"column":4},"end":{"line":70,"column":5}},"type":"if","locations":[{"start":{"line":65,"column":4},"end":{"line":70,"column":5}},{"start":{"line":65,"column":4},"end":{"line":70,"column":5}}],"line":65},"3":{"loc":{"start":{"line":72,"column":4},"end":{"line":82,"column":5}},"type":"if","locations":[{"start":{"line":72,"column":4},"end":{"line":82,"column":5}},{"start":{"line":72,"column":4},"end":{"line":82,"column":5}}],"line":72},"4":{"loc":{"start":{"line":84,"column":4},"end":{"line":99,"column":5}},"type":"if","locations":[{"start":{"line":84,"column":4},"end":{"line":99,"column":5}},{"start":{"line":84,"column":4},"end":{"line":99,"column":5}}],"line":84},"5":{"loc":{"start":{"line":88,"column":6},"end":{"line":90,"column":7}},"type":"if","locations":[{"start":{"line":88,"column":6},"end":{"line":90,"column":7}},{"start":{"line":88,"column":6},"end":{"line":90,"column":7}}],"line":88},"6":{"loc":{"start":{"line":93,"column":6},"end":{"line":95,"column":7}},"type":"if","locations":[{"start":{"line":93,"column":6},"end":{"line":95,"column":7}},{"start":{"line":93,"column":6},"end":{"line":95,"column":7}}],"line":93},"7":{"loc":{"start":{"line":96,"column":6},"end":{"line":98,"column":7}},"type":"if","locations":[{"start":{"line":96,"column":6},"end":{"line":98,"column":7}},{"start":{"line":96,"column":6},"end":{"line":98,"column":7}}],"line":96},"8":{"loc":{"start":{"line":120,"column":2},"end":{"line":125,"column":3}},"type":"if","locations":[{"start":{"line":120,"column":2},"end":{"line":125,"column":3}},{"start":{"line":120,"column":2},"end":{"line":125,"column":3}}],"line":120},"9":{"loc":{"start":{"line":132,"column":2},"end":{"line":137,"column":3}},"type":"if","locations":[{"start":{"line":132,"column":2},"end":{"line":137,"column":3}},{"start":{"line":132,"column":2},"end":{"line":137,"column":3}}],"line":132},"10":{"loc":{"start":{"line":133,"column":17},"end":{"line":133,"column":92}},"type":"cond-expr","locations":[{"start":{"line":133,"column":35},"end":{"line":133,"column":49}},{"start":{"line":133,"column":52},"end":{"line":133,"column":92}}],"line":133},"11":{"loc":{"start":{"line":135,"column":7},"end":{"line":137,"column":3}},"type":"if","locations":[{"start":{"line":135,"column":7},"end":{"line":137,"column":3}},{"start":{"line":135,"column":7},"end":{"line":137,"column":3}}],"line":135},"12":{"loc":{"start":{"line":135,"column":11},"end":{"line":135,"column":50}},"type":"binary-expr","locations":[{"start":{"line":135,"column":11},"end":{"line":135,"column":29}},{"start":{"line":135,"column":33},"end":{"line":135,"column":50}}],"line":135},"13":{"loc":{"start":{"line":138,"column":2},"end":{"line":140,"column":3}},"type":"if","locations":[{"start":{"line":138,"column":2},"end":{"line":140,"column":3}},{"start":{"line":138,"column":2},"end":{"line":140,"column":3}}],"line":138},"14":{"loc":{"start":{"line":139,"column":15},"end":{"line":139,"column":86}},"type":"cond-expr","locations":[{"start":{"line":139,"column":33},"end":{"line":139,"column":45}},{"start":{"line":139,"column":48},"end":{"line":139,"column":86}}],"line":139},"15":{"loc":{"start":{"line":148,"column":2},"end":{"line":150,"column":3}},"type":"if","locations":[{"start":{"line":148,"column":2},"end":{"line":150,"column":3}},{"start":{"line":148,"column":2},"end":{"line":150,"column":3}}],"line":148},"16":{"loc":{"start":{"line":153,"column":2},"end":{"line":161,"column":3}},"type":"if","locations":[{"start":{"line":153,"column":2},"end":{"line":161,"column":3}},{"start":{"line":153,"column":2},"end":{"line":161,"column":3}}],"line":153},"17":{"loc":{"start":{"line":209,"column":2},"end":{"line":211,"column":3}},"type":"if","locations":[{"start":{"line":209,"column":2},"end":{"line":211,"column":3}},{"start":{"line":209,"column":2},"end":{"line":211,"column":3}}],"line":209}},"s":{"0":1,"1":548,"2":548,"3":548,"4":548,"5":548,"6":1,"7":1729,"8":1,"9":1505,"10":1,"11":11941,"12":1,"13":6857,"14":6857,"15":6857,"16":1,"17":9296,"18":9291,"19":440,"20":8851,"21":9291,"22":8524,"23":767,"24":767,"25":767,"26":767,"27":345,"28":9291,"29":9261,"30":9261,"31":9261,"32":440,"33":30,"34":30,"35":0,"36":30,"37":28,"38":9291,"39":5,"40":1,"41":9261,"42":1,"43":0,"44":1,"45":1381,"46":1,"47":3190,"48":0,"49":3190,"50":3190,"51":3190,"52":3190,"53":3190,"54":3190,"55":3190,"56":0,"57":3190,"58":129,"59":3190,"60":2872,"61":3190,"62":1,"63":49,"64":49,"65":49,"66":0,"67":0,"68":0,"69":1,"70":0,"71":0,"72":0,"73":1,"74":142,"75":142,"76":142,"77":142,"78":1,"79":2530,"80":2530,"81":2530,"82":2530,"83":1,"84":97,"85":0,"86":97,"87":97,"88":97,"89":97,"90":1554,"91":97},"f":{"0":548,"1":1729,"2":1505,"3":11941,"4":6857,"5":9296,"6":9261,"7":0,"8":1381,"9":3190,"10":49,"11":0,"12":142,"13":2530,"14":97},"b":{"0":[0],"1":[9291,5],"2":[440,8851],"3":[8524,767],"4":[9261,30],"5":[440,8821],"6":[0,30],"7":[28,2],"8":[0,3190],"9":[0,3190],"10":[0,0],"11":[129,3061],"12":[3190,2829],"13":[2872,318],"14":[110,2762],"15":[49,0],"16":[0,0],"17":[0,97]},"_coverageSchema":"43e27e138ebf9cfc5966b082cf9a028302ed4184","hash":"21368d52ffecf174ced5e531be70701885d122fc"}
}
