{"/Users/stone.tao/Desktop/Coding/Projects/IgushArray/IgushArray JS/igushArray.js": {"path":"/Users/stone.tao/Desktop/Coding/Projects/IgushArray/IgushArray JS/igushArray.js","statementMap":{"0":{"start":{"line":31,"column":17},"end":{"line":31,"column":43}},"1":{"start":{"line":33,"column":0},"end":{"line":33,"column":28}},"2":{"start":{"line":36,"column":2},"end":{"line":36,"column":34}},"3":{"start":{"line":37,"column":2},"end":{"line":37,"column":62}},"4":{"start":{"line":38,"column":2},"end":{"line":38,"column":58}},"5":{"start":{"line":39,"column":2},"end":{"line":39,"column":66}},"6":{"start":{"line":41,"column":2},"end":{"line":41,"column":43}},"7":{"start":{"line":42,"column":2},"end":{"line":42,"column":18}},"8":{"start":{"line":44,"column":2},"end":{"line":46,"column":3}},"9":{"start":{"line":45,"column":4},"end":{"line":45,"column":52}},"10":{"start":{"line":47,"column":2},"end":{"line":51,"column":3}},"11":{"start":{"line":48,"column":4},"end":{"line":48,"column":56}},"12":{"start":{"line":50,"column":4},"end":{"line":50,"column":52}},"13":{"start":{"line":54,"column":0},"end":{"line":135,"column":1}},"14":{"start":{"line":55,"column":2},"end":{"line":57,"column":3}},"15":{"start":{"line":56,"column":4},"end":{"line":56,"column":113}},"16":{"start":{"line":58,"column":2},"end":{"line":58,"column":21}},"17":{"start":{"line":59,"column":2},"end":{"line":59,"column":30}},"18":{"start":{"line":64,"column":23},"end":{"line":64,"column":63}},"19":{"start":{"line":65,"column":27},"end":{"line":65,"column":57}},"20":{"start":{"line":66,"column":24},"end":{"line":66,"column":65}},"21":{"start":{"line":68,"column":2},"end":{"line":101,"column":3}},"22":{"start":{"line":70,"column":4},"end":{"line":70,"column":38}},"23":{"start":{"line":74,"column":4},"end":{"line":76,"column":5}},"24":{"start":{"line":74,"column":17},"end":{"line":74,"column":18}},"25":{"start":{"line":75,"column":6},"end":{"line":75,"column":49}},"26":{"start":{"line":79,"column":39},"end":{"line":79,"column":78}},"27":{"start":{"line":80,"column":12},"end":{"line":80,"column":13}},"28":{"start":{"line":81,"column":4},"end":{"line":100,"column":5}},"29":{"start":{"line":82,"column":25},"end":{"line":82,"column":30}},"30":{"start":{"line":86,"column":6},"end":{"line":98,"column":7}},"31":{"start":{"line":88,"column":8},"end":{"line":97,"column":9}},"32":{"start":{"line":89,"column":10},"end":{"line":89,"column":25}},"33":{"start":{"line":90,"column":10},"end":{"line":92,"column":11}},"34":{"start":{"line":91,"column":12},"end":{"line":91,"column":18}},"35":{"start":{"line":95,"column":23},"end":{"line":95,"column":57}},"36":{"start":{"line":96,"column":10},"end":{"line":96,"column":36}},"37":{"start":{"line":99,"column":6},"end":{"line":99,"column":10}},"38":{"start":{"line":104,"column":2},"end":{"line":134,"column":3}},"39":{"start":{"line":106,"column":4},"end":{"line":109,"column":5}},"40":{"start":{"line":108,"column":6},"end":{"line":108,"column":69}},"41":{"start":{"line":111,"column":4},"end":{"line":111,"column":81}},"42":{"start":{"line":118,"column":12},"end":{"line":118,"column":29}},"43":{"start":{"line":119,"column":4},"end":{"line":122,"column":5}},"44":{"start":{"line":120,"column":6},"end":{"line":120,"column":54}},"45":{"start":{"line":123,"column":4},"end":{"line":123,"column":46}},"46":{"start":{"line":125,"column":4},"end":{"line":131,"column":5}},"47":{"start":{"line":126,"column":6},"end":{"line":126,"column":58}},"48":{"start":{"line":129,"column":6},"end":{"line":129,"column":54}},"49":{"start":{"line":133,"column":4},"end":{"line":133,"column":40}},"50":{"start":{"line":138,"column":0},"end":{"line":143,"column":1}},"51":{"start":{"line":139,"column":2},"end":{"line":139,"column":26}},"52":{"start":{"line":140,"column":18},"end":{"line":140,"column":54}},"53":{"start":{"line":141,"column":17},"end":{"line":141,"column":41}},"54":{"start":{"line":142,"column":2},"end":{"line":142,"column":44}},"55":{"start":{"line":146,"column":0},"end":{"line":161,"column":1}},"56":{"start":{"line":147,"column":2},"end":{"line":147,"column":29}},"57":{"start":{"line":148,"column":18},"end":{"line":148,"column":54}},"58":{"start":{"line":149,"column":17},"end":{"line":149,"column":41}},"59":{"start":{"line":150,"column":14},"end":{"line":150,"column":34}},"60":{"start":{"line":151,"column":2},"end":{"line":159,"column":3}},"61":{"start":{"line":155,"column":25},"end":{"line":155,"column":83}},"62":{"start":{"line":156,"column":4},"end":{"line":156,"column":45}},"63":{"start":{"line":157,"column":4},"end":{"line":157,"column":49}},"64":{"start":{"line":160,"column":2},"end":{"line":160,"column":16}},"65":{"start":{"line":166,"column":0},"end":{"line":175,"column":1}},"66":{"start":{"line":167,"column":2},"end":{"line":167,"column":26}},"67":{"start":{"line":168,"column":18},"end":{"line":168,"column":54}},"68":{"start":{"line":169,"column":17},"end":{"line":169,"column":41}},"69":{"start":{"line":170,"column":14},"end":{"line":170,"column":34}},"70":{"start":{"line":171,"column":23},"end":{"line":171,"column":45}},"71":{"start":{"line":172,"column":2},"end":{"line":172,"column":33}},"72":{"start":{"line":173,"column":2},"end":{"line":173,"column":16}},"73":{"start":{"line":174,"column":2},"end":{"line":174,"column":24}},"74":{"start":{"line":178,"column":0},"end":{"line":182,"column":1}},"75":{"start":{"line":179,"column":18},"end":{"line":179,"column":54}},"76":{"start":{"line":180,"column":17},"end":{"line":180,"column":41}},"77":{"start":{"line":181,"column":2},"end":{"line":181,"column":50}},"78":{"start":{"line":184,"column":0},"end":{"line":188,"column":1}},"79":{"start":{"line":185,"column":2},"end":{"line":187,"column":3}},"80":{"start":{"line":186,"column":4},"end":{"line":186,"column":81}},"81":{"start":{"line":189,"column":0},"end":{"line":193,"column":1}},"82":{"start":{"line":190,"column":2},"end":{"line":192,"column":3}},"83":{"start":{"line":191,"column":4},"end":{"line":191,"column":80}},"84":{"start":{"line":196,"column":0},"end":{"line":203,"column":1}},"85":{"start":{"line":197,"column":2},"end":{"line":200,"column":3}},"86":{"start":{"line":198,"column":25},"end":{"line":198,"column":67}},"87":{"start":{"line":199,"column":4},"end":{"line":199,"column":37}},"88":{"start":{"line":201,"column":2},"end":{"line":201,"column":28}},"89":{"start":{"line":202,"column":2},"end":{"line":202,"column":16}},"90":{"start":{"line":205,"column":0},"end":{"line":219,"column":1}},"91":{"start":{"line":206,"column":2},"end":{"line":218,"column":3}},"92":{"start":{"line":207,"column":16},"end":{"line":207,"column":36}},"93":{"start":{"line":211,"column":4},"end":{"line":216,"column":5}},"94":{"start":{"line":212,"column":6},"end":{"line":212,"column":49}},"95":{"start":{"line":214,"column":6},"end":{"line":214,"column":33}},"96":{"start":{"line":215,"column":6},"end":{"line":215,"column":12}},"97":{"start":{"line":217,"column":4},"end":{"line":217,"column":19}},"98":{"start":{"line":221,"column":0},"end":{"line":242,"column":1}},"99":{"start":{"line":223,"column":22},"end":{"line":223,"column":67}},"100":{"start":{"line":224,"column":2},"end":{"line":226,"column":3}},"101":{"start":{"line":225,"column":4},"end":{"line":225,"column":11}},"102":{"start":{"line":227,"column":14},"end":{"line":227,"column":38}},"103":{"start":{"line":228,"column":2},"end":{"line":228,"column":31}},"104":{"start":{"line":229,"column":2},"end":{"line":229,"column":21}},"105":{"start":{"line":231,"column":2},"end":{"line":238,"column":3}},"106":{"start":{"line":232,"column":4},"end":{"line":232,"column":37}},"107":{"start":{"line":235,"column":4},"end":{"line":235,"column":45}},"108":{"start":{"line":237,"column":4},"end":{"line":237,"column":23}},"109":{"start":{"line":240,"column":2},"end":{"line":240,"column":35}},"110":{"start":{"line":241,"column":2},"end":{"line":241,"column":25}},"111":{"start":{"line":245,"column":0},"end":{"line":253,"column":1}},"112":{"start":{"line":246,"column":12},"end":{"line":246,"column":14}},"113":{"start":{"line":247,"column":2},"end":{"line":251,"column":3}},"114":{"start":{"line":247,"column":15},"end":{"line":247,"column":16}},"115":{"start":{"line":248,"column":20},"end":{"line":248,"column":52}},"116":{"start":{"line":249,"column":19},"end":{"line":249,"column":39}},"117":{"start":{"line":250,"column":4},"end":{"line":250,"column":52}},"118":{"start":{"line":252,"column":2},"end":{"line":252,"column":42}},"119":{"start":{"line":256,"column":0},"end":{"line":261,"column":1}},"120":{"start":{"line":257,"column":18},"end":{"line":257,"column":19}},"121":{"start":{"line":258,"column":2},"end":{"line":260,"column":3}},"122":{"start":{"line":259,"column":5},"end":{"line":259,"column":31}},"123":{"start":{"line":269,"column":0},"end":{"line":282,"column":1}},"124":{"start":{"line":270,"column":2},"end":{"line":272,"column":3}},"125":{"start":{"line":271,"column":4},"end":{"line":271,"column":70}},"126":{"start":{"line":274,"column":2},"end":{"line":279,"column":3}},"127":{"start":{"line":274,"column":15},"end":{"line":274,"column":16}},"128":{"start":{"line":275,"column":20},"end":{"line":275,"column":62}},"129":{"start":{"line":276,"column":19},"end":{"line":276,"column":49}},"130":{"start":{"line":277,"column":4},"end":{"line":277,"column":39}},"131":{"start":{"line":278,"column":4},"end":{"line":278,"column":21}},"132":{"start":{"line":281,"column":2},"end":{"line":281,"column":21}},"133":{"start":{"line":290,"column":0},"end":{"line":300,"column":1}},"134":{"start":{"line":291,"column":2},"end":{"line":293,"column":3}},"135":{"start":{"line":292,"column":4},"end":{"line":292,"column":34}},"136":{"start":{"line":294,"column":2},"end":{"line":296,"column":3}},"137":{"start":{"line":295,"column":4},"end":{"line":295,"column":11}},"138":{"start":{"line":297,"column":2},"end":{"line":299,"column":3}},"139":{"start":{"line":298,"column":4},"end":{"line":298,"column":28}},"140":{"start":{"line":301,"column":0},"end":{"line":303,"column":1}},"141":{"start":{"line":304,"column":0},"end":{"line":306,"column":1}},"142":{"start":{"line":305,"column":2},"end":{"line":305,"column":38}},"143":{"start":{"line":307,"column":0},"end":{"line":318,"column":1}},"144":{"start":{"line":308,"column":10},"end":{"line":308,"column":11}},"145":{"start":{"line":309,"column":2},"end":{"line":312,"column":3}},"146":{"start":{"line":310,"column":14},"end":{"line":310,"column":56}},"147":{"start":{"line":311,"column":4},"end":{"line":311,"column":39}},"148":{"start":{"line":313,"column":2},"end":{"line":317,"column":3}},"149":{"start":{"line":315,"column":14},"end":{"line":315,"column":42}},"150":{"start":{"line":316,"column":4},"end":{"line":316,"column":25}},"151":{"start":{"line":320,"column":0},"end":{"line":322,"column":1}},"152":{"start":{"line":321,"column":2},"end":{"line":321,"column":24}},"153":{"start":{"line":325,"column":0},"end":{"line":327,"column":1}},"154":{"start":{"line":326,"column":2},"end":{"line":326,"column":55}},"155":{"start":{"line":330,"column":0},"end":{"line":337,"column":1}},"156":{"start":{"line":331,"column":2},"end":{"line":335,"column":3}},"157":{"start":{"line":332,"column":21},"end":{"line":332,"column":74}},"158":{"start":{"line":333,"column":4},"end":{"line":333,"column":60}},"159":{"start":{"line":334,"column":4},"end":{"line":334,"column":58}},"160":{"start":{"line":339,"column":0},"end":{"line":360,"column":1}},"161":{"start":{"line":340,"column":19},"end":{"line":340,"column":68}},"162":{"start":{"line":341,"column":14},"end":{"line":341,"column":34}},"163":{"start":{"line":342,"column":13},"end":{"line":342,"column":48}},"164":{"start":{"line":343,"column":2},"end":{"line":343,"column":22}},"165":{"start":{"line":344,"column":10},"end":{"line":344,"column":19}},"166":{"start":{"line":345,"column":2},"end":{"line":354,"column":3}},"167":{"start":{"line":345,"column":15},"end":{"line":345,"column":20}},"168":{"start":{"line":346,"column":18},"end":{"line":346,"column":29}},"169":{"start":{"line":347,"column":4},"end":{"line":353,"column":5}},"170":{"start":{"line":348,"column":6},"end":{"line":348,"column":10}},"171":{"start":{"line":350,"column":16},"end":{"line":350,"column":40}},"172":{"start":{"line":351,"column":6},"end":{"line":351,"column":23}},"173":{"start":{"line":355,"column":2},"end":{"line":355,"column":23}},"174":{"start":{"line":356,"column":13},"end":{"line":356,"column":48}},"175":{"start":{"line":357,"column":2},"end":{"line":357,"column":22}},"176":{"start":{"line":359,"column":2},"end":{"line":359,"column":20}},"177":{"start":{"line":362,"column":2},"end":{"line":362,"column":52}},"178":{"start":{"line":366,"column":0},"end":{"line":397,"column":1}},"179":{"start":{"line":368,"column":2},"end":{"line":378,"column":3}},"180":{"start":{"line":369,"column":4},"end":{"line":369,"column":24}},"181":{"start":{"line":371,"column":7},"end":{"line":378,"column":3}},"182":{"start":{"line":372,"column":4},"end":{"line":377,"column":5}},"183":{"start":{"line":373,"column":6},"end":{"line":373,"column":16}},"184":{"start":{"line":376,"column":6},"end":{"line":376,"column":34}},"185":{"start":{"line":379,"column":2},"end":{"line":381,"column":3}},"186":{"start":{"line":380,"column":5},"end":{"line":380,"column":49}},"187":{"start":{"line":382,"column":2},"end":{"line":387,"column":3}},"188":{"start":{"line":383,"column":4},"end":{"line":383,"column":20}},"189":{"start":{"line":385,"column":7},"end":{"line":387,"column":3}},"190":{"start":{"line":386,"column":4},"end":{"line":386,"column":38}},"191":{"start":{"line":388,"column":16},"end":{"line":388,"column":38}},"192":{"start":{"line":389,"column":2},"end":{"line":391,"column":3}},"193":{"start":{"line":389,"column":15},"end":{"line":389,"column":16}},"194":{"start":{"line":390,"column":4},"end":{"line":390,"column":36}},"195":{"start":{"line":392,"column":2},"end":{"line":394,"column":3}},"196":{"start":{"line":392,"column":15},"end":{"line":392,"column":31}},"197":{"start":{"line":393,"column":4},"end":{"line":393,"column":30}},"198":{"start":{"line":395,"column":2},"end":{"line":395,"column":17}},"199":{"start":{"line":400,"column":0},"end":{"line":451,"column":1}},"200":{"start":{"line":401,"column":2},"end":{"line":403,"column":3}},"201":{"start":{"line":402,"column":4},"end":{"line":402,"column":14}},"202":{"start":{"line":404,"column":2},"end":{"line":406,"column":3}},"203":{"start":{"line":405,"column":4},"end":{"line":405,"column":22}},"204":{"start":{"line":407,"column":2},"end":{"line":409,"column":3}},"205":{"start":{"line":410,"column":23},"end":{"line":410,"column":59}},"206":{"start":{"line":411,"column":22},"end":{"line":411,"column":46}},"207":{"start":{"line":413,"column":21},"end":{"line":413,"column":55}},"208":{"start":{"line":414,"column":20},"end":{"line":414,"column":42}},"209":{"start":{"line":417,"column":2},"end":{"line":420,"column":3}},"210":{"start":{"line":419,"column":4},"end":{"line":419,"column":71}},"211":{"start":{"line":422,"column":15},"end":{"line":422,"column":37}},"212":{"start":{"line":423,"column":19},"end":{"line":423,"column":101}},"213":{"start":{"line":426,"column":10},"end":{"line":426,"column":11}},"214":{"start":{"line":429,"column":2},"end":{"line":431,"column":3}},"215":{"start":{"line":430,"column":4},"end":{"line":430,"column":30}},"216":{"start":{"line":434,"column":10},"end":{"line":434,"column":28}},"217":{"start":{"line":435,"column":2},"end":{"line":441,"column":3}},"218":{"start":{"line":436,"column":24},"end":{"line":436,"column":68}},"219":{"start":{"line":437,"column":4},"end":{"line":440,"column":5}},"220":{"start":{"line":437,"column":17},"end":{"line":437,"column":18}},"221":{"start":{"line":438,"column":6},"end":{"line":438,"column":35}},"222":{"start":{"line":439,"column":6},"end":{"line":439,"column":10}},"223":{"start":{"line":444,"column":18},"end":{"line":444,"column":63}},"224":{"start":{"line":445,"column":2},"end":{"line":448,"column":3}},"225":{"start":{"line":446,"column":4},"end":{"line":446,"column":28}},"226":{"start":{"line":447,"column":4},"end":{"line":447,"column":8}},"227":{"start":{"line":449,"column":2},"end":{"line":449,"column":16}},"228":{"start":{"line":453,"column":0},"end":{"line":461,"column":1}},"229":{"start":{"line":454,"column":2},"end":{"line":456,"column":3}},"230":{"start":{"line":455,"column":4},"end":{"line":455,"column":70}},"231":{"start":{"line":457,"column":2},"end":{"line":459,"column":3}},"232":{"start":{"line":457,"column":15},"end":{"line":457,"column":30}},"233":{"start":{"line":458,"column":4},"end":{"line":458,"column":30}},"234":{"start":{"line":460,"column":2},"end":{"line":460,"column":21}},"235":{"start":{"line":463,"column":0},"end":{"line":465,"column":1}},"236":{"start":{"line":464,"column":2},"end":{"line":464,"column":41}}},"fnMap":{"0":{"name":"IgushArray","decl":{"start":{"line":35,"column":9},"end":{"line":35,"column":19}},"loc":{"start":{"line":35,"column":42},"end":{"line":52,"column":1}},"line":35},"1":{"name":"(anonymous_1)","decl":{"start":{"line":54,"column":35},"end":{"line":54,"column":36}},"loc":{"start":{"line":54,"column":57},"end":{"line":135,"column":1}},"line":54},"2":{"name":"(anonymous_2)","decl":{"start":{"line":138,"column":27},"end":{"line":138,"column":28}},"loc":{"start":{"line":138,"column":43},"end":{"line":143,"column":1}},"line":138},"3":{"name":"(anonymous_3)","decl":{"start":{"line":146,"column":27},"end":{"line":146,"column":28}},"loc":{"start":{"line":146,"column":49},"end":{"line":161,"column":1}},"line":146},"4":{"name":"(anonymous_4)","decl":{"start":{"line":166,"column":30},"end":{"line":166,"column":31}},"loc":{"start":{"line":166,"column":46},"end":{"line":175,"column":1}},"line":166},"5":{"name":"(anonymous_5)","decl":{"start":{"line":178,"column":27},"end":{"line":178,"column":28}},"loc":{"start":{"line":178,"column":49},"end":{"line":182,"column":1}},"line":178},"6":{"name":"(anonymous_6)","decl":{"start":{"line":184,"column":35},"end":{"line":184,"column":36}},"loc":{"start":{"line":184,"column":51},"end":{"line":188,"column":1}},"line":184},"7":{"name":"(anonymous_7)","decl":{"start":{"line":189,"column":38},"end":{"line":189,"column":39}},"loc":{"start":{"line":189,"column":54},"end":{"line":193,"column":1}},"line":189},"8":{"name":"(anonymous_8)","decl":{"start":{"line":196,"column":34},"end":{"line":196,"column":35}},"loc":{"start":{"line":196,"column":49},"end":{"line":203,"column":1}},"line":196},"9":{"name":"(anonymous_9)","decl":{"start":{"line":205,"column":32},"end":{"line":205,"column":33}},"loc":{"start":{"line":205,"column":66},"end":{"line":219,"column":1}},"line":205},"10":{"name":"(anonymous_10)","decl":{"start":{"line":221,"column":34},"end":{"line":221,"column":35}},"loc":{"start":{"line":221,"column":54},"end":{"line":242,"column":1}},"line":221},"11":{"name":"(anonymous_11)","decl":{"start":{"line":245,"column":32},"end":{"line":245,"column":33}},"loc":{"start":{"line":245,"column":43},"end":{"line":253,"column":1}},"line":245},"12":{"name":"(anonymous_12)","decl":{"start":{"line":256,"column":40},"end":{"line":256,"column":41}},"loc":{"start":{"line":256,"column":52},"end":{"line":261,"column":1}},"line":256},"13":{"name":"(anonymous_13)","decl":{"start":{"line":269,"column":28},"end":{"line":269,"column":29}},"loc":{"start":{"line":269,"column":47},"end":{"line":282,"column":1}},"line":269},"14":{"name":"(anonymous_14)","decl":{"start":{"line":290,"column":34},"end":{"line":290,"column":35}},"loc":{"start":{"line":290,"column":85},"end":{"line":300,"column":1}},"line":290},"15":{"name":"(anonymous_15)","decl":{"start":{"line":301,"column":28},"end":{"line":301,"column":29}},"loc":{"start":{"line":301,"column":39},"end":{"line":303,"column":1}},"line":301},"16":{"name":"(anonymous_16)","decl":{"start":{"line":304,"column":27},"end":{"line":304,"column":28}},"loc":{"start":{"line":304,"column":38},"end":{"line":306,"column":1}},"line":304},"17":{"name":"(anonymous_17)","decl":{"start":{"line":307,"column":31},"end":{"line":307,"column":32}},"loc":{"start":{"line":307,"column":42},"end":{"line":318,"column":1}},"line":307},"18":{"name":"(anonymous_18)","decl":{"start":{"line":320,"column":29},"end":{"line":320,"column":30}},"loc":{"start":{"line":320,"column":40},"end":{"line":322,"column":1}},"line":320},"19":{"name":"(anonymous_19)","decl":{"start":{"line":325,"column":28},"end":{"line":325,"column":29}},"loc":{"start":{"line":325,"column":75},"end":{"line":327,"column":1}},"line":325},"20":{"name":"(anonymous_20)","decl":{"start":{"line":330,"column":34},"end":{"line":330,"column":35}},"loc":{"start":{"line":330,"column":72},"end":{"line":337,"column":1}},"line":330},"21":{"name":"(anonymous_21)","decl":{"start":{"line":339,"column":43},"end":{"line":339,"column":44}},"loc":{"start":{"line":339,"column":81},"end":{"line":360,"column":1}},"line":339},"22":{"name":"defaultSortCompare","decl":{"start":{"line":361,"column":9},"end":{"line":361,"column":27}},"loc":{"start":{"line":361,"column":34},"end":{"line":364,"column":1}},"line":361},"23":{"name":"(anonymous_23)","decl":{"start":{"line":366,"column":30},"end":{"line":366,"column":31}},"loc":{"start":{"line":366,"column":69},"end":{"line":397,"column":1}},"line":366},"24":{"name":"(anonymous_24)","decl":{"start":{"line":400,"column":29},"end":{"line":400,"column":30}},"loc":{"start":{"line":400,"column":68},"end":{"line":451,"column":1}},"line":400},"25":{"name":"(anonymous_25)","decl":{"start":{"line":453,"column":31},"end":{"line":453,"column":32}},"loc":{"start":{"line":453,"column":50},"end":{"line":461,"column":1}},"line":453},"26":{"name":"(anonymous_26)","decl":{"start":{"line":463,"column":31},"end":{"line":463,"column":32}},"loc":{"start":{"line":463,"column":42},"end":{"line":465,"column":1}},"line":463}},"branchMap":{"0":{"loc":{"start":{"line":35,"column":20},"end":{"line":35,"column":40}},"type":"default-arg","locations":[{"start":{"line":35,"column":38},"end":{"line":35,"column":40}}],"line":35},"1":{"loc":{"start":{"line":47,"column":2},"end":{"line":51,"column":3}},"type":"if","locations":[{"start":{"line":47,"column":2},"end":{"line":51,"column":3}},{"start":{"line":47,"column":2},"end":{"line":51,"column":3}}],"line":47},"2":{"loc":{"start":{"line":55,"column":2},"end":{"line":57,"column":3}},"type":"if","locations":[{"start":{"line":55,"column":2},"end":{"line":57,"column":3}},{"start":{"line":55,"column":2},"end":{"line":57,"column":3}}],"line":55},"3":{"loc":{"start":{"line":68,"column":2},"end":{"line":101,"column":3}},"type":"if","locations":[{"start":{"line":68,"column":2},"end":{"line":101,"column":3}},{"start":{"line":68,"column":2},"end":{"line":101,"column":3}}],"line":68},"4":{"loc":{"start":{"line":88,"column":8},"end":{"line":97,"column":9}},"type":"if","locations":[{"start":{"line":88,"column":8},"end":{"line":97,"column":9}},{"start":{"line":88,"column":8},"end":{"line":97,"column":9}}],"line":88},"5":{"loc":{"start":{"line":90,"column":10},"end":{"line":92,"column":11}},"type":"if","locations":[{"start":{"line":90,"column":10},"end":{"line":92,"column":11}},{"start":{"line":90,"column":10},"end":{"line":92,"column":11}}],"line":90},"6":{"loc":{"start":{"line":104,"column":2},"end":{"line":134,"column":3}},"type":"if","locations":[{"start":{"line":104,"column":2},"end":{"line":134,"column":3}},{"start":{"line":104,"column":2},"end":{"line":134,"column":3}}],"line":104},"7":{"loc":{"start":{"line":106,"column":4},"end":{"line":109,"column":5}},"type":"if","locations":[{"start":{"line":106,"column":4},"end":{"line":109,"column":5}},{"start":{"line":106,"column":4},"end":{"line":109,"column":5}}],"line":106},"8":{"loc":{"start":{"line":125,"column":4},"end":{"line":131,"column":5}},"type":"if","locations":[{"start":{"line":125,"column":4},"end":{"line":131,"column":5}},{"start":{"line":125,"column":4},"end":{"line":131,"column":5}}],"line":125},"9":{"loc":{"start":{"line":151,"column":2},"end":{"line":159,"column":3}},"type":"if","locations":[{"start":{"line":151,"column":2},"end":{"line":159,"column":3}},{"start":{"line":151,"column":2},"end":{"line":159,"column":3}}],"line":151},"10":{"loc":{"start":{"line":185,"column":2},"end":{"line":187,"column":3}},"type":"if","locations":[{"start":{"line":185,"column":2},"end":{"line":187,"column":3}},{"start":{"line":185,"column":2},"end":{"line":187,"column":3}}],"line":185},"11":{"loc":{"start":{"line":185,"column":6},"end":{"line":185,"column":39}},"type":"binary-expr","locations":[{"start":{"line":185,"column":6},"end":{"line":185,"column":26}},{"start":{"line":185,"column":30},"end":{"line":185,"column":39}}],"line":185},"12":{"loc":{"start":{"line":190,"column":2},"end":{"line":192,"column":3}},"type":"if","locations":[{"start":{"line":190,"column":2},"end":{"line":192,"column":3}},{"start":{"line":190,"column":2},"end":{"line":192,"column":3}}],"line":190},"13":{"loc":{"start":{"line":190,"column":6},"end":{"line":190,"column":38}},"type":"binary-expr","locations":[{"start":{"line":190,"column":6},"end":{"line":190,"column":25}},{"start":{"line":190,"column":29},"end":{"line":190,"column":38}}],"line":190},"14":{"loc":{"start":{"line":197,"column":2},"end":{"line":200,"column":3}},"type":"if","locations":[{"start":{"line":197,"column":2},"end":{"line":200,"column":3}},{"start":{"line":197,"column":2},"end":{"line":200,"column":3}}],"line":197},"15":{"loc":{"start":{"line":211,"column":4},"end":{"line":216,"column":5}},"type":"if","locations":[{"start":{"line":211,"column":4},"end":{"line":216,"column":5}},{"start":{"line":211,"column":4},"end":{"line":216,"column":5}}],"line":211},"16":{"loc":{"start":{"line":224,"column":2},"end":{"line":226,"column":3}},"type":"if","locations":[{"start":{"line":224,"column":2},"end":{"line":226,"column":3}},{"start":{"line":224,"column":2},"end":{"line":226,"column":3}}],"line":224},"17":{"loc":{"start":{"line":270,"column":2},"end":{"line":272,"column":3}},"type":"if","locations":[{"start":{"line":270,"column":2},"end":{"line":272,"column":3}},{"start":{"line":270,"column":2},"end":{"line":272,"column":3}}],"line":270},"18":{"loc":{"start":{"line":290,"column":43},"end":{"line":290,"column":53}},"type":"default-arg","locations":[{"start":{"line":290,"column":52},"end":{"line":290,"column":53}}],"line":290},"19":{"loc":{"start":{"line":290,"column":55},"end":{"line":290,"column":64}},"type":"default-arg","locations":[{"start":{"line":290,"column":63},"end":{"line":290,"column":64}}],"line":290},"20":{"loc":{"start":{"line":290,"column":66},"end":{"line":290,"column":83}},"type":"default-arg","locations":[{"start":{"line":290,"column":72},"end":{"line":290,"column":83}}],"line":290},"21":{"loc":{"start":{"line":291,"column":2},"end":{"line":293,"column":3}},"type":"if","locations":[{"start":{"line":291,"column":2},"end":{"line":293,"column":3}},{"start":{"line":291,"column":2},"end":{"line":293,"column":3}}],"line":291},"22":{"loc":{"start":{"line":294,"column":2},"end":{"line":296,"column":3}},"type":"if","locations":[{"start":{"line":294,"column":2},"end":{"line":296,"column":3}},{"start":{"line":294,"column":2},"end":{"line":296,"column":3}}],"line":294},"23":{"loc":{"start":{"line":297,"column":2},"end":{"line":299,"column":3}},"type":"if","locations":[{"start":{"line":297,"column":2},"end":{"line":299,"column":3}},{"start":{"line":297,"column":2},"end":{"line":299,"column":3}}],"line":297},"24":{"loc":{"start":{"line":313,"column":2},"end":{"line":317,"column":3}},"type":"if","locations":[{"start":{"line":313,"column":2},"end":{"line":317,"column":3}},{"start":{"line":313,"column":2},"end":{"line":317,"column":3}}],"line":313},"25":{"loc":{"start":{"line":325,"column":37},"end":{"line":325,"column":73}},"type":"default-arg","locations":[{"start":{"line":325,"column":55},"end":{"line":325,"column":73}}],"line":325},"26":{"loc":{"start":{"line":331,"column":2},"end":{"line":335,"column":3}},"type":"if","locations":[{"start":{"line":331,"column":2},"end":{"line":335,"column":3}},{"start":{"line":331,"column":2},"end":{"line":335,"column":3}}],"line":331},"27":{"loc":{"start":{"line":347,"column":4},"end":{"line":353,"column":5}},"type":"if","locations":[{"start":{"line":347,"column":4},"end":{"line":353,"column":5}},{"start":{"line":347,"column":4},"end":{"line":353,"column":5}}],"line":347},"28":{"loc":{"start":{"line":368,"column":2},"end":{"line":378,"column":3}},"type":"if","locations":[{"start":{"line":368,"column":2},"end":{"line":378,"column":3}},{"start":{"line":368,"column":2},"end":{"line":378,"column":3}}],"line":368},"29":{"loc":{"start":{"line":371,"column":7},"end":{"line":378,"column":3}},"type":"if","locations":[{"start":{"line":371,"column":7},"end":{"line":378,"column":3}},{"start":{"line":371,"column":7},"end":{"line":378,"column":3}}],"line":371},"30":{"loc":{"start":{"line":372,"column":4},"end":{"line":377,"column":5}},"type":"if","locations":[{"start":{"line":372,"column":4},"end":{"line":377,"column":5}},{"start":{"line":372,"column":4},"end":{"line":377,"column":5}}],"line":372},"31":{"loc":{"start":{"line":379,"column":2},"end":{"line":381,"column":3}},"type":"if","locations":[{"start":{"line":379,"column":2},"end":{"line":381,"column":3}},{"start":{"line":379,"column":2},"end":{"line":381,"column":3}}],"line":379},"32":{"loc":{"start":{"line":382,"column":2},"end":{"line":387,"column":3}},"type":"if","locations":[{"start":{"line":382,"column":2},"end":{"line":387,"column":3}},{"start":{"line":382,"column":2},"end":{"line":387,"column":3}}],"line":382},"33":{"loc":{"start":{"line":385,"column":7},"end":{"line":387,"column":3}},"type":"if","locations":[{"start":{"line":385,"column":7},"end":{"line":387,"column":3}},{"start":{"line":385,"column":7},"end":{"line":387,"column":3}}],"line":385},"34":{"loc":{"start":{"line":400,"column":38},"end":{"line":400,"column":47}},"type":"default-arg","locations":[{"start":{"line":400,"column":46},"end":{"line":400,"column":47}}],"line":400},"35":{"loc":{"start":{"line":400,"column":49},"end":{"line":400,"column":66}},"type":"default-arg","locations":[{"start":{"line":400,"column":55},"end":{"line":400,"column":66}}],"line":400},"36":{"loc":{"start":{"line":401,"column":2},"end":{"line":403,"column":3}},"type":"if","locations":[{"start":{"line":401,"column":2},"end":{"line":403,"column":3}},{"start":{"line":401,"column":2},"end":{"line":403,"column":3}}],"line":401},"37":{"loc":{"start":{"line":404,"column":2},"end":{"line":406,"column":3}},"type":"if","locations":[{"start":{"line":404,"column":2},"end":{"line":406,"column":3}},{"start":{"line":404,"column":2},"end":{"line":406,"column":3}}],"line":404},"38":{"loc":{"start":{"line":407,"column":2},"end":{"line":409,"column":3}},"type":"if","locations":[{"start":{"line":407,"column":2},"end":{"line":409,"column":3}},{"start":{"line":407,"column":2},"end":{"line":409,"column":3}}],"line":407},"39":{"loc":{"start":{"line":417,"column":2},"end":{"line":420,"column":3}},"type":"if","locations":[{"start":{"line":417,"column":2},"end":{"line":420,"column":3}},{"start":{"line":417,"column":2},"end":{"line":420,"column":3}}],"line":417},"40":{"loc":{"start":{"line":454,"column":2},"end":{"line":456,"column":3}},"type":"if","locations":[{"start":{"line":454,"column":2},"end":{"line":456,"column":3}},{"start":{"line":454,"column":2},"end":{"line":456,"column":3}}],"line":454},"41":{"loc":{"start":{"line":464,"column":9},"end":{"line":464,"column":40}},"type":"cond-expr","locations":[{"start":{"line":464,"column":28},"end":{"line":464,"column":32}},{"start":{"line":464,"column":35},"end":{"line":464,"column":40}}],"line":464}},"s":{"0":1,"1":1,"2":30,"3":30,"4":30,"5":30,"6":30,"7":30,"8":30,"9":458,"10":30,"11":18,"12":12,"13":1,"14":8,"15":0,"16":8,"17":8,"18":8,"19":8,"20":8,"21":8,"22":6,"23":6,"24":6,"25":89,"26":6,"27":6,"28":6,"29":62,"30":62,"31":1505,"32":124,"33":124,"34":5,"35":1381,"36":1381,"37":62,"38":8,"39":8,"40":8,"41":8,"42":8,"43":8,"44":22,"45":8,"46":8,"47":6,"48":2,"49":8,"50":1,"51":5605,"52":5605,"53":5605,"54":5605,"55":1,"56":5,"57":5,"58":5,"59":5,"60":5,"61":5,"62":5,"63":5,"64":5,"65":1,"66":1115,"67":1115,"68":1115,"69":1115,"70":1115,"71":1115,"72":1115,"73":1115,"74":1,"75":3830,"76":3830,"77":3830,"78":1,"79":6720,"80":0,"81":1,"82":6,"83":1,"84":1,"85":10,"86":10,"87":10,"88":10,"89":10,"90":1,"91":15,"92":157,"93":157,"94":142,"95":15,"96":15,"97":142,"98":1,"99":1115,"100":1115,"101":436,"102":679,"103":679,"104":679,"105":679,"106":2530,"107":2530,"108":2530,"109":679,"110":679,"111":1,"112":27,"113":27,"114":27,"115":5692,"116":5692,"117":5692,"118":27,"119":1,"120":4,"121":4,"122":876,"123":1,"124":6850,"125":2,"126":6850,"127":6850,"128":6863,"129":6863,"130":6863,"131":6863,"132":6850,"133":1,"134":0,"135":0,"136":0,"137":0,"138":0,"139":0,"140":1,"141":1,"142":340,"143":1,"144":2,"145":2,"146":100,"147":100,"148":2,"149":1,"150":1,"151":1,"152":340,"153":1,"154":2,"155":1,"156":458,"157":228,"158":228,"159":228,"160":1,"161":228,"162":228,"163":228,"164":228,"165":228,"166":228,"167":228,"168":2583,"169":2583,"170":1358,"171":1358,"172":1358,"173":228,"174":228,"175":228,"176":228,"177":1611,"178":1,"179":9,"180":1,"181":8,"182":2,"183":1,"184":1,"185":9,"186":4,"187":9,"188":2,"189":7,"190":1,"191":9,"192":9,"193":9,"194":417,"195":9,"196":9,"197":5,"198":9,"199":1,"200":34,"201":1,"202":33,"203":2,"204":33,"205":33,"206":33,"207":33,"208":33,"209":33,"210":29,"211":4,"212":4,"213":4,"214":4,"215":38,"216":4,"217":4,"218":12,"219":12,"220":12,"221":168,"222":168,"223":4,"224":4,"225":5,"226":5,"227":4,"228":1,"229":4,"230":1,"231":4,"232":4,"233":10,"234":4,"235":1,"236":0},"f":{"0":30,"1":8,"2":5605,"3":5,"4":1115,"5":3830,"6":6720,"7":6,"8":10,"9":15,"10":1115,"11":27,"12":4,"13":6850,"14":0,"15":0,"16":340,"17":2,"18":340,"19":2,"20":458,"21":228,"22":1611,"23":9,"24":34,"25":4,"26":0},"b":{"0":[0],"1":[18,12],"2":[0,8],"3":[6,2],"4":[124,1381],"5":[5,119],"6":[8,0],"7":[8,0],"8":[6,2],"9":[5,0],"10":[0,6720],"11":[6720,6720],"12":[1,5],"13":[6,5],"14":[10,0],"15":[142,15],"16":[436,679],"17":[2,6848],"18":[0],"19":[0],"20":[0],"21":[0,0],"22":[0,0],"23":[0,0],"24":[1,1],"25":[1],"26":[228,230],"27":[1358,1225],"28":[1,8],"29":[2,6],"30":[1,1],"31":[4,5],"32":[2,7],"33":[1,6],"34":[1],"35":[3],"36":[1,33],"37":[2,31],"38":[0,33],"39":[29,4],"40":[1,3],"41":[0,0]},"_coverageSchema":"43e27e138ebf9cfc5966b082cf9a028302ed4184","hash":"551d4e68e6c9da2217ac9ee4cde1ede4f5eb54cb"}
,"/Users/stone.tao/Desktop/Coding/Projects/IgushArray/IgushArray JS/ringBuffer.js": {"path":"/Users/stone.tao/Desktop/Coding/Projects/IgushArray/IgushArray JS/ringBuffer.js","statementMap":{"0":{"start":{"line":32,"column":0},"end":{"line":32,"column":28}},"1":{"start":{"line":35,"column":3},"end":{"line":35,"column":28}},"2":{"start":{"line":36,"column":3},"end":{"line":36,"column":40}},"3":{"start":{"line":37,"column":3},"end":{"line":37,"column":18}},"4":{"start":{"line":38,"column":3},"end":{"line":38,"column":17}},"5":{"start":{"line":39,"column":3},"end":{"line":39,"column":17}},"6":{"start":{"line":41,"column":0},"end":{"line":43,"column":1}},"7":{"start":{"line":42,"column":2},"end":{"line":42,"column":37}},"8":{"start":{"line":44,"column":0},"end":{"line":46,"column":1}},"9":{"start":{"line":45,"column":2},"end":{"line":45,"column":25}},"10":{"start":{"line":47,"column":0},"end":{"line":49,"column":1}},"11":{"start":{"line":48,"column":2},"end":{"line":48,"column":53}},"12":{"start":{"line":50,"column":0},"end":{"line":54,"column":1}},"13":{"start":{"line":51,"column":15},"end":{"line":51,"column":58}},"14":{"start":{"line":52,"column":2},"end":{"line":52,"column":52}},"15":{"start":{"line":53,"column":2},"end":{"line":53,"column":16}},"16":{"start":{"line":60,"column":0},"end":{"line":103,"column":1}},"17":{"start":{"line":61,"column":2},"end":{"line":101,"column":3}},"18":{"start":{"line":65,"column":4},"end":{"line":70,"column":5}},"19":{"start":{"line":66,"column":6},"end":{"line":66,"column":33}},"20":{"start":{"line":69,"column":6},"end":{"line":69,"column":51}},"21":{"start":{"line":72,"column":4},"end":{"line":82,"column":5}},"22":{"start":{"line":73,"column":6},"end":{"line":73,"column":27}},"23":{"start":{"line":77,"column":20},"end":{"line":77,"column":51}},"24":{"start":{"line":78,"column":6},"end":{"line":78,"column":27}},"25":{"start":{"line":79,"column":6},"end":{"line":81,"column":7}},"26":{"start":{"line":79,"column":19},"end":{"line":79,"column":20}},"27":{"start":{"line":80,"column":8},"end":{"line":80,"column":44}},"28":{"start":{"line":84,"column":4},"end":{"line":99,"column":5}},"29":{"start":{"line":86,"column":6},"end":{"line":86,"column":21}},"30":{"start":{"line":87,"column":6},"end":{"line":87,"column":44}},"31":{"start":{"line":88,"column":6},"end":{"line":90,"column":7}},"32":{"start":{"line":89,"column":8},"end":{"line":89,"column":50}},"33":{"start":{"line":92,"column":6},"end":{"line":92,"column":21}},"34":{"start":{"line":93,"column":6},"end":{"line":95,"column":7}},"35":{"start":{"line":94,"column":8},"end":{"line":94,"column":50}},"36":{"start":{"line":96,"column":6},"end":{"line":98,"column":7}},"37":{"start":{"line":97,"column":8},"end":{"line":97,"column":46}},"38":{"start":{"line":100,"column":4},"end":{"line":100,"column":16}},"39":{"start":{"line":102,"column":2},"end":{"line":102,"column":15}},"40":{"start":{"line":105,"column":0},"end":{"line":107,"column":1}},"41":{"start":{"line":106,"column":2},"end":{"line":106,"column":34}},"42":{"start":{"line":109,"column":0},"end":{"line":111,"column":1}},"43":{"start":{"line":110,"column":2},"end":{"line":110,"column":26}},"44":{"start":{"line":113,"column":0},"end":{"line":115,"column":1}},"45":{"start":{"line":114,"column":2},"end":{"line":114,"column":24}},"46":{"start":{"line":118,"column":0},"end":{"line":142,"column":1}},"47":{"start":{"line":120,"column":2},"end":{"line":125,"column":3}},"48":{"start":{"line":121,"column":4},"end":{"line":121,"column":21}},"49":{"start":{"line":124,"column":4},"end":{"line":124,"column":41}},"50":{"start":{"line":126,"column":16},"end":{"line":126,"column":30}},"51":{"start":{"line":127,"column":16},"end":{"line":127,"column":51}},"52":{"start":{"line":128,"column":2},"end":{"line":128,"column":48}},"53":{"start":{"line":129,"column":2},"end":{"line":129,"column":35}},"54":{"start":{"line":130,"column":2},"end":{"line":130,"column":14}},"55":{"start":{"line":132,"column":2},"end":{"line":137,"column":3}},"56":{"start":{"line":133,"column":4},"end":{"line":133,"column":93}},"57":{"start":{"line":135,"column":7},"end":{"line":137,"column":3}},"58":{"start":{"line":136,"column":4},"end":{"line":136,"column":19}},"59":{"start":{"line":138,"column":2},"end":{"line":140,"column":3}},"60":{"start":{"line":139,"column":4},"end":{"line":139,"column":87}},"61":{"start":{"line":141,"column":2},"end":{"line":141,"column":17}},"62":{"start":{"line":146,"column":0},"end":{"line":167,"column":1}},"63":{"start":{"line":147,"column":17},"end":{"line":147,"column":49}},"64":{"start":{"line":148,"column":2},"end":{"line":150,"column":3}},"65":{"start":{"line":149,"column":4},"end":{"line":149,"column":57}},"66":{"start":{"line":153,"column":2},"end":{"line":161,"column":3}},"67":{"start":{"line":155,"column":4},"end":{"line":155,"column":69}},"68":{"start":{"line":160,"column":4},"end":{"line":160,"column":107}},"69":{"start":{"line":169,"column":0},"end":{"line":173,"column":1}},"70":{"start":{"line":170,"column":2},"end":{"line":170,"column":39}},"71":{"start":{"line":171,"column":2},"end":{"line":171,"column":12}},"72":{"start":{"line":172,"column":2},"end":{"line":172,"column":11}},"73":{"start":{"line":181,"column":0},"end":{"line":187,"column":1}},"74":{"start":{"line":183,"column":19},"end":{"line":183,"column":51}},"75":{"start":{"line":184,"column":2},"end":{"line":184,"column":60}},"76":{"start":{"line":185,"column":2},"end":{"line":185,"column":64}},"77":{"start":{"line":186,"column":2},"end":{"line":186,"column":20}},"78":{"start":{"line":195,"column":0},"end":{"line":201,"column":1}},"79":{"start":{"line":197,"column":19},"end":{"line":197,"column":39}},"80":{"start":{"line":198,"column":2},"end":{"line":198,"column":44}},"81":{"start":{"line":199,"column":2},"end":{"line":199,"column":48}},"82":{"start":{"line":200,"column":2},"end":{"line":200,"column":20}},"83":{"start":{"line":208,"column":0},"end":{"line":224,"column":1}},"84":{"start":{"line":209,"column":2},"end":{"line":211,"column":3}},"85":{"start":{"line":210,"column":4},"end":{"line":210,"column":119}},"86":{"start":{"line":218,"column":2},"end":{"line":218,"column":29}},"87":{"start":{"line":219,"column":2},"end":{"line":219,"column":37}},"88":{"start":{"line":220,"column":2},"end":{"line":222,"column":3}},"89":{"start":{"line":220,"column":15},"end":{"line":220,"column":16}},"90":{"start":{"line":221,"column":4},"end":{"line":221,"column":30}},"91":{"start":{"line":223,"column":2},"end":{"line":223,"column":22}}},"fnMap":{"0":{"name":"RingBuffer","decl":{"start":{"line":34,"column":9},"end":{"line":34,"column":19}},"loc":{"start":{"line":34,"column":35},"end":{"line":40,"column":2}},"line":34},"1":{"name":"(anonymous_1)","decl":{"start":{"line":41,"column":30},"end":{"line":41,"column":31}},"loc":{"start":{"line":41,"column":41},"end":{"line":43,"column":1}},"line":41},"2":{"name":"(anonymous_2)","decl":{"start":{"line":44,"column":31},"end":{"line":44,"column":32}},"loc":{"start":{"line":44,"column":42},"end":{"line":46,"column":1}},"line":44},"3":{"name":"(anonymous_3)","decl":{"start":{"line":47,"column":27},"end":{"line":47,"column":28}},"loc":{"start":{"line":47,"column":43},"end":{"line":49,"column":1}},"line":47},"4":{"name":"(anonymous_4)","decl":{"start":{"line":50,"column":27},"end":{"line":50,"column":28}},"loc":{"start":{"line":50,"column":48},"end":{"line":54,"column":1}},"line":50},"5":{"name":"(anonymous_5)","decl":{"start":{"line":60,"column":27},"end":{"line":60,"column":28}},"loc":{"start":{"line":60,"column":48},"end":{"line":103,"column":1}},"line":60},"6":{"name":"(anonymous_6)","decl":{"start":{"line":105,"column":28},"end":{"line":105,"column":29}},"loc":{"start":{"line":105,"column":42},"end":{"line":107,"column":1}},"line":105},"7":{"name":"(anonymous_7)","decl":{"start":{"line":109,"column":33},"end":{"line":109,"column":34}},"loc":{"start":{"line":109,"column":47},"end":{"line":111,"column":1}},"line":109},"8":{"name":"(anonymous_8)","decl":{"start":{"line":113,"column":32},"end":{"line":113,"column":33}},"loc":{"start":{"line":113,"column":43},"end":{"line":115,"column":1}},"line":113},"9":{"name":"(anonymous_9)","decl":{"start":{"line":118,"column":30},"end":{"line":118,"column":31}},"loc":{"start":{"line":118,"column":42},"end":{"line":142,"column":1}},"line":118},"10":{"name":"(anonymous_10)","decl":{"start":{"line":146,"column":29},"end":{"line":146,"column":30}},"loc":{"start":{"line":146,"column":50},"end":{"line":167,"column":1}},"line":146},"11":{"name":"(anonymous_11)","decl":{"start":{"line":169,"column":29},"end":{"line":169,"column":30}},"loc":{"start":{"line":169,"column":40},"end":{"line":173,"column":1}},"line":169},"12":{"name":"(anonymous_12)","decl":{"start":{"line":181,"column":31},"end":{"line":181,"column":32}},"loc":{"start":{"line":181,"column":49},"end":{"line":187,"column":1}},"line":181},"13":{"name":"(anonymous_13)","decl":{"start":{"line":195,"column":33},"end":{"line":195,"column":34}},"loc":{"start":{"line":195,"column":51},"end":{"line":201,"column":1}},"line":195},"14":{"name":"(anonymous_14)","decl":{"start":{"line":208,"column":35},"end":{"line":208,"column":36}},"loc":{"start":{"line":208,"column":57},"end":{"line":224,"column":1}},"line":208}},"branchMap":{"0":{"loc":{"start":{"line":34,"column":20},"end":{"line":34,"column":33}},"type":"default-arg","locations":[{"start":{"line":34,"column":31},"end":{"line":34,"column":33}}],"line":34},"1":{"loc":{"start":{"line":61,"column":2},"end":{"line":101,"column":3}},"type":"if","locations":[{"start":{"line":61,"column":2},"end":{"line":101,"column":3}},{"start":{"line":61,"column":2},"end":{"line":101,"column":3}}],"line":61},"2":{"loc":{"start":{"line":65,"column":4},"end":{"line":70,"column":5}},"type":"if","locations":[{"start":{"line":65,"column":4},"end":{"line":70,"column":5}},{"start":{"line":65,"column":4},"end":{"line":70,"column":5}}],"line":65},"3":{"loc":{"start":{"line":72,"column":4},"end":{"line":82,"column":5}},"type":"if","locations":[{"start":{"line":72,"column":4},"end":{"line":82,"column":5}},{"start":{"line":72,"column":4},"end":{"line":82,"column":5}}],"line":72},"4":{"loc":{"start":{"line":84,"column":4},"end":{"line":99,"column":5}},"type":"if","locations":[{"start":{"line":84,"column":4},"end":{"line":99,"column":5}},{"start":{"line":84,"column":4},"end":{"line":99,"column":5}}],"line":84},"5":{"loc":{"start":{"line":88,"column":6},"end":{"line":90,"column":7}},"type":"if","locations":[{"start":{"line":88,"column":6},"end":{"line":90,"column":7}},{"start":{"line":88,"column":6},"end":{"line":90,"column":7}}],"line":88},"6":{"loc":{"start":{"line":93,"column":6},"end":{"line":95,"column":7}},"type":"if","locations":[{"start":{"line":93,"column":6},"end":{"line":95,"column":7}},{"start":{"line":93,"column":6},"end":{"line":95,"column":7}}],"line":93},"7":{"loc":{"start":{"line":96,"column":6},"end":{"line":98,"column":7}},"type":"if","locations":[{"start":{"line":96,"column":6},"end":{"line":98,"column":7}},{"start":{"line":96,"column":6},"end":{"line":98,"column":7}}],"line":96},"8":{"loc":{"start":{"line":120,"column":2},"end":{"line":125,"column":3}},"type":"if","locations":[{"start":{"line":120,"column":2},"end":{"line":125,"column":3}},{"start":{"line":120,"column":2},"end":{"line":125,"column":3}}],"line":120},"9":{"loc":{"start":{"line":132,"column":2},"end":{"line":137,"column":3}},"type":"if","locations":[{"start":{"line":132,"column":2},"end":{"line":137,"column":3}},{"start":{"line":132,"column":2},"end":{"line":137,"column":3}}],"line":132},"10":{"loc":{"start":{"line":133,"column":17},"end":{"line":133,"column":92}},"type":"cond-expr","locations":[{"start":{"line":133,"column":35},"end":{"line":133,"column":49}},{"start":{"line":133,"column":52},"end":{"line":133,"column":92}}],"line":133},"11":{"loc":{"start":{"line":135,"column":7},"end":{"line":137,"column":3}},"type":"if","locations":[{"start":{"line":135,"column":7},"end":{"line":137,"column":3}},{"start":{"line":135,"column":7},"end":{"line":137,"column":3}}],"line":135},"12":{"loc":{"start":{"line":135,"column":11},"end":{"line":135,"column":50}},"type":"binary-expr","locations":[{"start":{"line":135,"column":11},"end":{"line":135,"column":29}},{"start":{"line":135,"column":33},"end":{"line":135,"column":50}}],"line":135},"13":{"loc":{"start":{"line":138,"column":2},"end":{"line":140,"column":3}},"type":"if","locations":[{"start":{"line":138,"column":2},"end":{"line":140,"column":3}},{"start":{"line":138,"column":2},"end":{"line":140,"column":3}}],"line":138},"14":{"loc":{"start":{"line":139,"column":15},"end":{"line":139,"column":86}},"type":"cond-expr","locations":[{"start":{"line":139,"column":33},"end":{"line":139,"column":45}},{"start":{"line":139,"column":48},"end":{"line":139,"column":86}}],"line":139},"15":{"loc":{"start":{"line":148,"column":2},"end":{"line":150,"column":3}},"type":"if","locations":[{"start":{"line":148,"column":2},"end":{"line":150,"column":3}},{"start":{"line":148,"column":2},"end":{"line":150,"column":3}}],"line":148},"16":{"loc":{"start":{"line":153,"column":2},"end":{"line":161,"column":3}},"type":"if","locations":[{"start":{"line":153,"column":2},"end":{"line":161,"column":3}},{"start":{"line":153,"column":2},"end":{"line":161,"column":3}}],"line":153},"17":{"loc":{"start":{"line":209,"column":2},"end":{"line":211,"column":3}},"type":"if","locations":[{"start":{"line":209,"column":2},"end":{"line":211,"column":3}},{"start":{"line":209,"column":2},"end":{"line":211,"column":3}}],"line":209}},"s":{"0":1,"1":518,"2":518,"3":518,"4":518,"5":518,"6":1,"7":1729,"8":1,"9":1505,"10":1,"11":11297,"12":1,"13":6502,"14":6502,"15":6502,"16":1,"17":8958,"18":8953,"19":414,"20":8539,"21":8953,"22":8186,"23":767,"24":767,"25":767,"26":767,"27":345,"28":8953,"29":8923,"30":8923,"31":8923,"32":414,"33":30,"34":30,"35":0,"36":30,"37":28,"38":8953,"39":5,"40":1,"41":8923,"42":1,"43":0,"44":1,"45":1381,"46":1,"47":3190,"48":0,"49":3190,"50":3190,"51":3190,"52":3190,"53":3190,"54":3190,"55":3190,"56":0,"57":3190,"58":129,"59":3190,"60":2872,"61":3190,"62":1,"63":49,"64":49,"65":49,"66":0,"67":0,"68":0,"69":1,"70":0,"71":0,"72":0,"73":1,"74":142,"75":142,"76":142,"77":142,"78":1,"79":2530,"80":2530,"81":2530,"82":2530,"83":1,"84":97,"85":0,"86":97,"87":97,"88":97,"89":97,"90":1554,"91":97},"f":{"0":518,"1":1729,"2":1505,"3":11297,"4":6502,"5":8958,"6":8923,"7":0,"8":1381,"9":3190,"10":49,"11":0,"12":142,"13":2530,"14":97},"b":{"0":[0],"1":[8953,5],"2":[414,8539],"3":[8186,767],"4":[8923,30],"5":[414,8509],"6":[0,30],"7":[28,2],"8":[0,3190],"9":[0,3190],"10":[0,0],"11":[129,3061],"12":[3190,2829],"13":[2872,318],"14":[110,2762],"15":[49,0],"16":[0,0],"17":[0,97]},"_coverageSchema":"43e27e138ebf9cfc5966b082cf9a028302ed4184","hash":"6335255b6c6ff501ec4a0b64f0a91bd304131907"}
}
