TN:
SF:/Users/stone.tao/Desktop/Coding/Projects/IgushArray/IgushArray JS/igushArray.js
FN:35,IgushArray
FN:54,(anonymous_1)
FN:138,(anonymous_2)
FN:146,(anonymous_3)
FN:166,(anonymous_4)
FN:178,(anonymous_5)
FN:184,(anonymous_6)
FN:189,(anonymous_7)
FN:196,(anonymous_8)
FN:205,(anonymous_9)
FN:221,(anonymous_10)
FN:245,(anonymous_11)
FN:256,(anonymous_12)
FN:269,(anonymous_13)
FN:290,(anonymous_14)
FN:301,(anonymous_15)
FN:304,(anonymous_16)
FN:307,(anonymous_17)
FN:320,(anonymous_18)
FN:325,(anonymous_19)
FN:330,(anonymous_20)
FN:339,(anonymous_21)
FN:361,defaultSortCompare
FN:366,(anonymous_23)
FN:400,(anonymous_24)
FN:453,(anonymous_25)
FN:463,(anonymous_26)
FNF:27
FNH:24
FNDA:30,IgushArray
FNDA:8,(anonymous_1)
FNDA:5605,(anonymous_2)
FNDA:5,(anonymous_3)
FNDA:1115,(anonymous_4)
FNDA:3830,(anonymous_5)
FNDA:6720,(anonymous_6)
FNDA:6,(anonymous_7)
FNDA:10,(anonymous_8)
FNDA:15,(anonymous_9)
FNDA:1115,(anonymous_10)
FNDA:27,(anonymous_11)
FNDA:4,(anonymous_12)
FNDA:6850,(anonymous_13)
FNDA:0,(anonymous_14)
FNDA:0,(anonymous_15)
FNDA:340,(anonymous_16)
FNDA:2,(anonymous_17)
FNDA:340,(anonymous_18)
FNDA:2,(anonymous_19)
FNDA:458,(anonymous_20)
FNDA:228,(anonymous_21)
FNDA:1611,defaultSortCompare
FNDA:9,(anonymous_23)
FNDA:34,(anonymous_24)
FNDA:4,(anonymous_25)
FNDA:0,(anonymous_26)
DA:31,1
DA:33,1
DA:36,30
DA:37,30
DA:38,30
DA:39,30
DA:41,30
DA:42,30
DA:44,30
DA:45,458
DA:47,30
DA:48,18
DA:50,12
DA:54,1
DA:55,8
DA:56,0
DA:58,8
DA:59,8
DA:64,8
DA:65,8
DA:66,8
DA:68,8
DA:70,6
DA:74,6
DA:75,89
DA:79,6
DA:80,6
DA:81,6
DA:82,62
DA:86,62
DA:88,1505
DA:89,124
DA:90,124
DA:91,5
DA:95,1381
DA:96,1381
DA:99,62
DA:104,8
DA:106,8
DA:108,8
DA:111,8
DA:118,8
DA:119,8
DA:120,22
DA:123,8
DA:125,8
DA:126,6
DA:129,2
DA:133,8
DA:138,1
DA:139,5605
DA:140,5605
DA:141,5605
DA:142,5605
DA:146,1
DA:147,5
DA:148,5
DA:149,5
DA:150,5
DA:151,5
DA:155,5
DA:156,5
DA:157,5
DA:160,5
DA:166,1
DA:167,1115
DA:168,1115
DA:169,1115
DA:170,1115
DA:171,1115
DA:172,1115
DA:173,1115
DA:174,1115
DA:178,1
DA:179,3830
DA:180,3830
DA:181,3830
DA:184,1
DA:185,6720
DA:186,0
DA:189,1
DA:190,6
DA:191,1
DA:196,1
DA:197,10
DA:198,10
DA:199,10
DA:201,10
DA:202,10
DA:205,1
DA:206,15
DA:207,157
DA:211,157
DA:212,142
DA:214,15
DA:215,15
DA:217,142
DA:221,1
DA:223,1115
DA:224,1115
DA:225,436
DA:227,679
DA:228,679
DA:229,679
DA:231,679
DA:232,2530
DA:235,2530
DA:237,2530
DA:240,679
DA:241,679
DA:245,1
DA:246,27
DA:247,27
DA:248,5692
DA:249,5692
DA:250,5692
DA:252,27
DA:256,1
DA:257,4
DA:258,4
DA:259,876
DA:269,1
DA:270,6850
DA:271,2
DA:274,6850
DA:275,6863
DA:276,6863
DA:277,6863
DA:278,6863
DA:281,6850
DA:290,1
DA:291,0
DA:292,0
DA:294,0
DA:295,0
DA:297,0
DA:298,0
DA:301,1
DA:304,1
DA:305,340
DA:307,1
DA:308,2
DA:309,2
DA:310,100
DA:311,100
DA:313,2
DA:315,1
DA:316,1
DA:320,1
DA:321,340
DA:325,1
DA:326,2
DA:330,1
DA:331,458
DA:332,228
DA:333,228
DA:334,228
DA:339,1
DA:340,228
DA:341,228
DA:342,228
DA:343,228
DA:344,228
DA:345,228
DA:346,2583
DA:347,2583
DA:348,1358
DA:350,1358
DA:351,1358
DA:355,228
DA:356,228
DA:357,228
DA:359,228
DA:362,1611
DA:366,1
DA:368,9
DA:369,1
DA:371,8
DA:372,2
DA:373,1
DA:376,1
DA:379,9
DA:380,4
DA:382,9
DA:383,2
DA:385,7
DA:386,1
DA:388,9
DA:389,9
DA:390,417
DA:392,9
DA:393,5
DA:395,9
DA:400,1
DA:401,34
DA:402,1
DA:404,33
DA:405,2
DA:407,33
DA:410,33
DA:411,33
DA:413,33
DA:414,33
DA:417,33
DA:419,29
DA:422,4
DA:423,4
DA:426,4
DA:429,4
DA:430,38
DA:434,4
DA:435,4
DA:436,12
DA:437,12
DA:438,168
DA:439,168
DA:444,4
DA:445,4
DA:446,5
DA:447,5
DA:449,4
DA:453,1
DA:454,4
DA:455,1
DA:457,4
DA:458,10
DA:460,4
DA:463,1
DA:464,0
LF:229
LH:220
BRDA:35,0,0,0
BRDA:47,1,0,18
BRDA:47,1,1,12
BRDA:55,2,0,0
BRDA:55,2,1,8
BRDA:68,3,0,6
BRDA:68,3,1,2
BRDA:88,4,0,124
BRDA:88,4,1,1381
BRDA:90,5,0,5
BRDA:90,5,1,119
BRDA:104,6,0,8
BRDA:104,6,1,0
BRDA:106,7,0,8
BRDA:106,7,1,0
BRDA:125,8,0,6
BRDA:125,8,1,2
BRDA:151,9,0,5
BRDA:151,9,1,0
BRDA:185,10,0,0
BRDA:185,10,1,6720
BRDA:185,11,0,6720
BRDA:185,11,1,6720
BRDA:190,12,0,1
BRDA:190,12,1,5
BRDA:190,13,0,6
BRDA:190,13,1,5
BRDA:197,14,0,10
BRDA:197,14,1,0
BRDA:211,15,0,142
BRDA:211,15,1,15
BRDA:224,16,0,436
BRDA:224,16,1,679
BRDA:270,17,0,2
BRDA:270,17,1,6848
BRDA:290,18,0,0
BRDA:290,19,0,0
BRDA:290,20,0,0
BRDA:291,21,0,0
BRDA:291,21,1,0
BRDA:294,22,0,0
BRDA:294,22,1,0
BRDA:297,23,0,0
BRDA:297,23,1,0
BRDA:313,24,0,1
BRDA:313,24,1,1
BRDA:325,25,0,1
BRDA:331,26,0,228
BRDA:331,26,1,230
BRDA:347,27,0,1358
BRDA:347,27,1,1225
BRDA:368,28,0,1
BRDA:368,28,1,8
BRDA:371,29,0,2
BRDA:371,29,1,6
BRDA:372,30,0,1
BRDA:372,30,1,1
BRDA:379,31,0,4
BRDA:379,31,1,5
BRDA:382,32,0,2
BRDA:382,32,1,7
BRDA:385,33,0,1
BRDA:385,33,1,6
BRDA:400,34,0,1
BRDA:400,35,0,3
BRDA:401,36,0,1
BRDA:401,36,1,33
BRDA:404,37,0,2
BRDA:404,37,1,31
BRDA:407,38,0,0
BRDA:407,38,1,33
BRDA:417,39,0,29
BRDA:417,39,1,4
BRDA:454,40,0,1
BRDA:454,40,1,3
BRDA:464,41,0,0
BRDA:464,41,1,0
BRF:77
BRH:58
end_of_record
TN:
SF:/Users/stone.tao/Desktop/Coding/Projects/IgushArray/IgushArray JS/ringBuffer.js
FN:34,RingBuffer
FN:41,(anonymous_1)
FN:44,(anonymous_2)
FN:47,(anonymous_3)
FN:50,(anonymous_4)
FN:60,(anonymous_5)
FN:105,(anonymous_6)
FN:109,(anonymous_7)
FN:113,(anonymous_8)
FN:118,(anonymous_9)
FN:146,(anonymous_10)
FN:169,(anonymous_11)
FN:181,(anonymous_12)
FN:195,(anonymous_13)
FN:208,(anonymous_14)
FNF:15
FNH:13
FNDA:518,RingBuffer
FNDA:1729,(anonymous_1)
FNDA:1505,(anonymous_2)
FNDA:11297,(anonymous_3)
FNDA:6502,(anonymous_4)
FNDA:8958,(anonymous_5)
FNDA:8923,(anonymous_6)
FNDA:0,(anonymous_7)
FNDA:1381,(anonymous_8)
FNDA:3190,(anonymous_9)
FNDA:49,(anonymous_10)
FNDA:0,(anonymous_11)
FNDA:142,(anonymous_12)
FNDA:2530,(anonymous_13)
FNDA:97,(anonymous_14)
DA:32,1
DA:35,518
DA:36,518
DA:37,518
DA:38,518
DA:39,518
DA:41,1
DA:42,1729
DA:44,1
DA:45,1505
DA:47,1
DA:48,11297
DA:50,1
DA:51,6502
DA:52,6502
DA:53,6502
DA:60,1
DA:61,8958
DA:65,8953
DA:66,414
DA:69,8539
DA:72,8953
DA:73,8186
DA:77,767
DA:78,767
DA:79,767
DA:80,345
DA:84,8953
DA:86,8923
DA:87,8923
DA:88,8923
DA:89,414
DA:92,30
DA:93,30
DA:94,0
DA:96,30
DA:97,28
DA:100,8953
DA:102,5
DA:105,1
DA:106,8923
DA:109,1
DA:110,0
DA:113,1
DA:114,1381
DA:118,1
DA:120,3190
DA:121,0
DA:124,3190
DA:126,3190
DA:127,3190
DA:128,3190
DA:129,3190
DA:130,3190
DA:132,3190
DA:133,0
DA:135,3190
DA:136,129
DA:138,3190
DA:139,2872
DA:141,3190
DA:146,1
DA:147,49
DA:148,49
DA:149,49
DA:153,0
DA:155,0
DA:160,0
DA:169,1
DA:170,0
DA:171,0
DA:172,0
DA:181,1
DA:183,142
DA:184,142
DA:185,142
DA:186,142
DA:195,1
DA:197,2530
DA:198,2530
DA:199,2530
DA:200,2530
DA:208,1
DA:209,97
DA:210,0
DA:218,97
DA:219,97
DA:220,97
DA:221,1554
DA:223,97
LF:90
LH:79
BRDA:34,0,0,0
BRDA:61,1,0,8953
BRDA:61,1,1,5
BRDA:65,2,0,414
BRDA:65,2,1,8539
BRDA:72,3,0,8186
BRDA:72,3,1,767
BRDA:84,4,0,8923
BRDA:84,4,1,30
BRDA:88,5,0,414
BRDA:88,5,1,8509
BRDA:93,6,0,0
BRDA:93,6,1,30
BRDA:96,7,0,28
BRDA:96,7,1,2
BRDA:120,8,0,0
BRDA:120,8,1,3190
BRDA:132,9,0,0
BRDA:132,9,1,3190
BRDA:133,10,0,0
BRDA:133,10,1,0
BRDA:135,11,0,129
BRDA:135,11,1,3061
BRDA:135,12,0,3190
BRDA:135,12,1,2829
BRDA:138,13,0,2872
BRDA:138,13,1,318
BRDA:139,14,0,110
BRDA:139,14,1,2762
BRDA:148,15,0,49
BRDA:148,15,1,0
BRDA:153,16,0,0
BRDA:153,16,1,0
BRDA:209,17,0,0
BRDA:209,17,1,97
BRF:35
BRH:25
end_of_record
