TN:
SF:/Users/stone.tao/Desktop/Coding/Projects/IgushArray/IgushArray JS/igushArray.js
FN:35,IgushArray
FN:54,(anonymous_1)
FN:137,(anonymous_2)
FN:145,(anonymous_3)
FN:165,(anonymous_4)
FN:177,(anonymous_5)
FN:183,(anonymous_6)
FN:188,(anonymous_7)
FN:195,(anonymous_8)
FN:204,(anonymous_9)
FN:220,(anonymous_10)
FN:244,(anonymous_11)
FN:255,(anonymous_12)
FN:268,(anonymous_13)
FN:289,(anonymous_14)
FN:300,(anonymous_15)
FN:306,(anonymous_16)
FN:309,(anonymous_17)
FN:322,(anonymous_18)
FN:327,(anonymous_19)
FN:332,(anonymous_20)
FN:341,(anonymous_21)
FN:363,defaultSortCompare
FN:368,(anonymous_23)
FN:402,(anonymous_24)
FN:455,(anonymous_25)
FN:465,(anonymous_26)
FNF:27
FNH:25
FNDA:32,IgushArray
FNDA:8,(anonymous_1)
FNDA:6249,(anonymous_2)
FNDA:5,(anonymous_3)
FNDA:1115,(anonymous_4)
FNDA:4185,(anonymous_5)
FNDA:7364,(anonymous_6)
FNDA:6,(anonymous_7)
FNDA:10,(anonymous_8)
FNDA:15,(anonymous_9)
FNDA:1115,(anonymous_10)
FNDA:27,(anonymous_11)
FNDA:7,(anonymous_12)
FNDA:7188,(anonymous_13)
FNDA:0,(anonymous_14)
FNDA:3,(anonymous_15)
FNDA:340,(anonymous_16)
FNDA:2,(anonymous_17)
FNDA:340,(anonymous_18)
FNDA:2,(anonymous_19)
FNDA:456,(anonymous_20)
FNDA:227,(anonymous_21)
FNDA:1800,defaultSortCompare
FNDA:9,(anonymous_23)
FNDA:34,(anonymous_24)
FNDA:4,(anonymous_25)
FNDA:0,(anonymous_26)
DA:31,1
DA:33,1
DA:36,32
DA:37,32
DA:38,32
DA:39,32
DA:41,32
DA:42,32
DA:44,32
DA:45,486
DA:47,32
DA:48,20
DA:50,12
DA:54,1
DA:55,8
DA:56,0
DA:58,8
DA:63,8
DA:64,8
DA:65,8
DA:67,8
DA:69,6
DA:73,6
DA:74,89
DA:78,6
DA:79,6
DA:80,6
DA:81,62
DA:85,62
DA:87,1505
DA:88,124
DA:89,124
DA:90,5
DA:94,1381
DA:95,1381
DA:98,62
DA:103,8
DA:105,8
DA:107,8
DA:110,8
DA:117,8
DA:118,8
DA:119,22
DA:122,8
DA:124,8
DA:125,6
DA:128,2
DA:132,8
DA:137,1
DA:138,6249
DA:139,6249
DA:140,6249
DA:141,6249
DA:145,1
DA:146,5
DA:147,5
DA:148,5
DA:149,5
DA:150,5
DA:154,5
DA:155,5
DA:156,5
DA:159,5
DA:165,1
DA:166,1115
DA:167,1115
DA:168,1115
DA:169,1115
DA:170,1115
DA:171,1115
DA:172,1115
DA:173,1115
DA:177,1
DA:178,4185
DA:179,4185
DA:180,4185
DA:183,1
DA:184,7364
DA:185,0
DA:188,1
DA:189,6
DA:190,1
DA:195,1
DA:196,10
DA:197,10
DA:198,10
DA:200,10
DA:201,10
DA:204,1
DA:205,15
DA:206,157
DA:210,157
DA:211,142
DA:213,15
DA:214,15
DA:216,142
DA:220,1
DA:222,1115
DA:223,1115
DA:224,436
DA:226,679
DA:227,679
DA:228,679
DA:230,679
DA:231,2530
DA:234,2530
DA:236,2530
DA:239,679
DA:240,679
DA:244,1
DA:245,27
DA:246,27
DA:247,5692
DA:248,5692
DA:249,5692
DA:251,27
DA:255,1
DA:256,7
DA:257,7
DA:258,1333
DA:268,1
DA:269,7188
DA:270,2
DA:273,7188
DA:274,7201
DA:275,7201
DA:276,7201
DA:277,7201
DA:280,7188
DA:289,1
DA:290,0
DA:291,0
DA:293,0
DA:294,0
DA:296,0
DA:297,0
DA:300,1
DA:301,3
DA:302,313
DA:304,3
DA:306,1
DA:307,340
DA:309,1
DA:310,2
DA:311,2
DA:312,100
DA:313,100
DA:315,2
DA:317,1
DA:318,1
DA:322,1
DA:323,340
DA:327,1
DA:328,2
DA:332,1
DA:333,456
DA:334,227
DA:335,227
DA:336,227
DA:341,1
DA:342,227
DA:343,227
DA:344,227
DA:345,227
DA:346,227
DA:347,227
DA:348,2750
DA:349,2750
DA:350,1381
DA:352,1381
DA:353,1381
DA:357,227
DA:358,227
DA:359,227
DA:361,227
DA:364,1800
DA:368,1
DA:370,9
DA:371,1
DA:373,8
DA:374,2
DA:375,1
DA:378,1
DA:381,9
DA:382,4
DA:384,9
DA:385,2
DA:387,7
DA:388,1
DA:390,9
DA:391,9
DA:392,417
DA:394,9
DA:395,5
DA:397,9
DA:402,1
DA:403,34
DA:404,1
DA:406,33
DA:407,2
DA:409,33
DA:412,33
DA:413,33
DA:415,33
DA:416,33
DA:419,33
DA:421,29
DA:424,4
DA:425,4
DA:428,4
DA:431,4
DA:432,38
DA:436,4
DA:437,4
DA:438,12
DA:439,12
DA:440,168
DA:441,168
DA:446,4
DA:447,4
DA:448,5
DA:449,5
DA:451,4
DA:455,1
DA:456,4
DA:457,1
DA:459,4
DA:460,10
DA:462,4
DA:465,1
DA:466,0
LF:231
LH:222
BRDA:35,0,0,0
BRDA:47,1,0,20
BRDA:47,1,1,12
BRDA:55,2,0,0
BRDA:55,2,1,8
BRDA:67,3,0,6
BRDA:67,3,1,2
BRDA:87,4,0,124
BRDA:87,4,1,1381
BRDA:89,5,0,5
BRDA:89,5,1,119
BRDA:103,6,0,8
BRDA:103,6,1,0
BRDA:105,7,0,8
BRDA:105,7,1,0
BRDA:124,8,0,6
BRDA:124,8,1,2
BRDA:150,9,0,5
BRDA:150,9,1,0
BRDA:184,10,0,0
BRDA:184,10,1,7364
BRDA:184,11,0,7364
BRDA:184,11,1,7364
BRDA:189,12,0,1
BRDA:189,12,1,5
BRDA:189,13,0,6
BRDA:189,13,1,5
BRDA:196,14,0,10
BRDA:196,14,1,0
BRDA:210,15,0,142
BRDA:210,15,1,15
BRDA:223,16,0,436
BRDA:223,16,1,679
BRDA:269,17,0,2
BRDA:269,17,1,7186
BRDA:289,18,0,0
BRDA:289,19,0,0
BRDA:289,20,0,0
BRDA:290,21,0,0
BRDA:290,21,1,0
BRDA:293,22,0,0
BRDA:293,22,1,0
BRDA:296,23,0,0
BRDA:296,23,1,0
BRDA:300,24,0,1
BRDA:300,25,0,2
BRDA:315,26,0,1
BRDA:315,26,1,1
BRDA:327,27,0,1
BRDA:333,28,0,227
BRDA:333,28,1,229
BRDA:349,29,0,1381
BRDA:349,29,1,1369
BRDA:370,30,0,1
BRDA:370,30,1,8
BRDA:373,31,0,2
BRDA:373,31,1,6
BRDA:374,32,0,1
BRDA:374,32,1,1
BRDA:381,33,0,4
BRDA:381,33,1,5
BRDA:384,34,0,2
BRDA:384,34,1,7
BRDA:387,35,0,1
BRDA:387,35,1,6
BRDA:402,36,0,1
BRDA:402,37,0,3
BRDA:403,38,0,1
BRDA:403,38,1,33
BRDA:406,39,0,2
BRDA:406,39,1,31
BRDA:409,40,0,0
BRDA:409,40,1,33
BRDA:419,41,0,29
BRDA:419,41,1,4
BRDA:456,42,0,1
BRDA:456,42,1,3
BRDA:466,43,0,0
BRDA:466,43,1,0
BRF:79
BRH:60
end_of_record
TN:
SF:/Users/stone.tao/Desktop/Coding/Projects/IgushArray/IgushArray JS/util/ringBuffer.js
FN:34,RingBuffer
FN:41,(anonymous_1)
FN:44,(anonymous_2)
FN:47,(anonymous_3)
FN:50,(anonymous_4)
FN:60,(anonymous_5)
FN:105,(anonymous_6)
FN:109,(anonymous_7)
FN:113,(anonymous_8)
FN:118,(anonymous_9)
FN:146,(anonymous_10)
FN:169,(anonymous_11)
FN:181,(anonymous_12)
FN:195,(anonymous_13)
FN:208,(anonymous_14)
FNF:15
FNH:13
FNDA:548,RingBuffer
FNDA:1729,(anonymous_1)
FNDA:1505,(anonymous_2)
FNDA:11941,(anonymous_3)
FNDA:6857,(anonymous_4)
FNDA:9296,(anonymous_5)
FNDA:9261,(anonymous_6)
FNDA:0,(anonymous_7)
FNDA:1381,(anonymous_8)
FNDA:3190,(anonymous_9)
FNDA:49,(anonymous_10)
FNDA:0,(anonymous_11)
FNDA:142,(anonymous_12)
FNDA:2530,(anonymous_13)
FNDA:97,(anonymous_14)
DA:32,1
DA:35,548
DA:36,548
DA:37,548
DA:38,548
DA:39,548
DA:41,1
DA:42,1729
DA:44,1
DA:45,1505
DA:47,1
DA:48,11941
DA:50,1
DA:51,6857
DA:52,6857
DA:53,6857
DA:60,1
DA:61,9296
DA:65,9291
DA:66,440
DA:69,8851
DA:72,9291
DA:73,8524
DA:77,767
DA:78,767
DA:79,767
DA:80,345
DA:84,9291
DA:86,9261
DA:87,9261
DA:88,9261
DA:89,440
DA:92,30
DA:93,30
DA:94,0
DA:96,30
DA:97,28
DA:100,9291
DA:102,5
DA:105,1
DA:106,9261
DA:109,1
DA:110,0
DA:113,1
DA:114,1381
DA:118,1
DA:120,3190
DA:121,0
DA:124,3190
DA:126,3190
DA:127,3190
DA:128,3190
DA:129,3190
DA:130,3190
DA:132,3190
DA:133,0
DA:135,3190
DA:136,129
DA:138,3190
DA:139,2872
DA:141,3190
DA:146,1
DA:147,49
DA:148,49
DA:149,49
DA:153,0
DA:155,0
DA:160,0
DA:169,1
DA:170,0
DA:171,0
DA:172,0
DA:181,1
DA:183,142
DA:184,142
DA:185,142
DA:186,142
DA:195,1
DA:197,2530
DA:198,2530
DA:199,2530
DA:200,2530
DA:208,1
DA:209,97
DA:210,0
DA:218,97
DA:219,97
DA:220,97
DA:221,1554
DA:223,97
LF:90
LH:79
BRDA:34,0,0,0
BRDA:61,1,0,9291
BRDA:61,1,1,5
BRDA:65,2,0,440
BRDA:65,2,1,8851
BRDA:72,3,0,8524
BRDA:72,3,1,767
BRDA:84,4,0,9261
BRDA:84,4,1,30
BRDA:88,5,0,440
BRDA:88,5,1,8821
BRDA:93,6,0,0
BRDA:93,6,1,30
BRDA:96,7,0,28
BRDA:96,7,1,2
BRDA:120,8,0,0
BRDA:120,8,1,3190
BRDA:132,9,0,0
BRDA:132,9,1,3190
BRDA:133,10,0,0
BRDA:133,10,1,0
BRDA:135,11,0,129
BRDA:135,11,1,3061
BRDA:135,12,0,3190
BRDA:135,12,1,2829
BRDA:138,13,0,2872
BRDA:138,13,1,318
BRDA:139,14,0,110
BRDA:139,14,1,2762
BRDA:148,15,0,49
BRDA:148,15,1,0
BRDA:153,16,0,0
BRDA:153,16,1,0
BRDA:209,17,0,0
BRDA:209,17,1,97
BRF:35
BRH:25
end_of_record
